#
# A fatal error has been detected by the Java Runtime Environment:
#
#  SIGSEGV (0xb) at pc=0x00007f4acdfc720a, pid=1, tid=0x00007f4ab8b16700
#
# JRE version: OpenJDK Runtime Environment (8.0_342-b07) (build 1.8.0_342-b07)
# Java VM: OpenJDK 64-Bit Server VM (25.342-b07 mixed mode linux-amd64 compressed oops)
# Problematic frame:
# V  [libjvm.so+0x98920a]  ParCompactionManager::follow_marking_stacks()+0x22a
#
# Core dump written. Default location: /opt/sanfelipepreprod/core or core.1
#
# If you would like to submit a bug report, please visit:
#   http://bugreport.java.com/bugreport/crash.jsp
#

---------------  T H R E A D  ---------------

Current thread (0x00007f4ac8027000):  GCTaskThread [stack: 0x00007f4ab8a17000,0x00007f4ab8b17000] [id=15]

siginfo: si_signo: 11 (SIGSEGV), si_code: 1 (SEGV_MAPERR), si_addr: 0x000000000000012d

Registers:
RAX=0x000000000000000d, RBX=0x00007f4ac807ce80, RCX=0x0000000000000003, RDX=0x000000071d2e1570
RSP=0x00007f4ab8b15880, RBP=0x00007f4ab8b159c0, RSI=0x00007f4ac807ce80, RDI=0x000000071d2a6348
R8 =0x0000000000000315, R9 =0xffffffffffffffff, R10=0x0000400000000000, R11=0x00007f4ace5eab68
R12=0x00007f4ace622800, R13=0x0000000000000004, R14=0x00007f4ab8b15abc, R15=0x00007f4ab8b15988
RIP=0x00007f4acdfc720a, EFLAGS=0x0000000000010206, CSGSFS=0x002b000000000033, ERR=0x0000000000000004
  TRAPNO=0x000000000000000e

Top of Stack: (sp=0x00007f4ab8b15880)
0x00007f4ab8b15880:   0000000000000004 00007f4ab8b15900
0x00007f4ab8b15890:   00007f4ab8b15910 00007f4ac807cfb0
0x00007f4ab8b158a0:   00007f4ab8b15988 00007f4ac807cec8
0x00007f4ab8b158b0:   00007f4ac807cef8 0000000000001044
0x00007f4ab8b158c0:   00007f4ab8b15920 00007f4ab8b15930
0x00007f4ab8b158d0:   0000000000001044 00007f4ab8b15950
0x00007f4ab8b158e0:   00007f4ace619af9 00007f4ab8b15940
0x00007f4ab8b158f0:   000000070f0135a0 00007f4ab8b15970
0x00007f4ab8b15900:   00007f4ac807cef8 0000000000000b8c
0x00007f4ab8b15910:   00007f4ab8b15970 00007f4ab8b15980
0x00007f4ab8b15920:   00007f4ab8b159c0 00007f4acdafe820
0x00007f4ab8b15930:   00007f4ab8b159c0 00007f4acdf46318
0x00007f4ab8b15940:   00000007127a87a4 000000070d084638
0x00007f4ab8b15950:   00007f4ab8b159c0 0000000000000004
0x00007f4ab8b15960:   0000000000000008 0000000000000006
0x00007f4ab8b15970:   0000349400001e58 00000007127a8798
0x00007f4ab8b15980:   0000349500001e58 000000071d2e1570
0x00007f4ab8b15990:   000000070b65a340 0000000000000000
0x00007f4ab8b159a0:   00007f4ac807c6f0 0000000000000004
0x00007f4ab8b159b0:   00007f4ab8b15abc 00007f4ab8b15ab0
0x00007f4ab8b159c0:   00007f4ab8b15af0 00007f4acdfaf19f
0x00007f4ab8b159d0:   0000348900001e51 0000000000000004
0x00007f4ab8b159e0:   00007f4ab8b15a90 00007f4ab8b15a80
0x00007f4ab8b159f0:   00007f4ab8b15a70 00007f4ab8b15a60
0x00007f4ab8b15a00:   00007f4ac807cef8 00007f4ac807cfb0
0x00007f4ab8b15a10:   00007f4ab8b15ab0 00007f4ab8b15abc
0x00007f4ab8b15a20:   00000004b8b15a70 00007f4ab8b15aa0
0x00007f4ab8b15a30:   0000000000001044 000000070f0135a0
0x00007f4ab8b15a40:   0000000000001000 00007f4a683663b0
0x00007f4ab8b15a50:   00007f4ab8b15ab0 00007f4ac807ce80
0x00007f4ab8b15a60:   00007f4ab8b15a00 00007f4ab8b15aa0
0x00007f4ab8b15a70:   00007f4ac801f6c0 00007f4ac8027000 

Instructions: (pc=0x00007f4acdfc720a)
0x00007f4acdfc71ea:   00 0f 84 2f 05 00 00 48 8b 05 f8 c5 61 00 8b 7a
0x00007f4acdfc71fa:   08 8b 48 08 48 d3 e7 48 03 38 48 8b 07 48 89 de
0x00007f4acdfc720a:   ff 90 20 01 00 00 8b 53 08 8b 43 48 89 d6 29 c6
0x00007f4acdfc721a:   89 f0 a9 ff ff 01 00 0f 85 69 ff ff ff 48 8b b3 

Register to memory mapping:

RAX=0x000000000000000d is an unknown value
RBX=0x00007f4ac807ce80 is an unknown value
RCX=0x0000000000000003 is an unknown value
RDX=0x000000071d2e1570 is pointing into object: 0x000000071d2e1568
[Ljava.lang.String; 
 - klass: 'java/lang/String'[]
 - length: 1
RSP=0x00007f4ab8b15880 is an unknown value
RBP=0x00007f4ab8b159c0 is an unknown value
RSI=0x00007f4ac807ce80 is an unknown value
RDI=0x000000071d2a6348 is an oop
java.lang.String 
 - klass: 'java/lang/String'
R8 =0x0000000000000315 is an unknown value
R9 =0xffffffffffffffff is an unknown value
R10=0x0000400000000000 is an unknown value
R11=0x00007f4ace5eab68: <offset 0xfacb68> in /usr/local/openjdk-8/jre/lib/amd64/server/libjvm.so at 0x00007f4acd63e000
R12=0x00007f4ace622800: <offset 0xfe4800> in /usr/local/openjdk-8/jre/lib/amd64/server/libjvm.so at 0x00007f4acd63e000
R13=0x0000000000000004 is an unknown value
R14=0x00007f4ab8b15abc is an unknown value
R15=0x00007f4ab8b15988 is an unknown value


Stack: [0x00007f4ab8a17000,0x00007f4ab8b17000],  sp=0x00007f4ab8b15880,  free space=1018k
Native frames: (J=compiled Java code, j=interpreted, Vv=VM code, C=native code)
V  [libjvm.so+0x98920a]  ParCompactionManager::follow_marking_stacks()+0x22a
V  [libjvm.so+0x97119f]  StealMarkingTask::do_it(GCTaskManager*, unsigned int)+0x37f
V  [libjvm.so+0x5c8699]  GCTaskThread::run()+0x189
V  [libjvm.so+0x937482]  java_start(Thread*)+0x132


---------------  P R O C E S S  ---------------

Java Threads: ( => current thread )
  0x00007f4a1403e800 JavaThread "Import Entry - 2" daemon [_thread_blocked, id=64, stack(0x00007f4aab9b3000,0x00007f4aabab4000)]
  0x00007f4a140ef000 JavaThread "Import Entry - 1" daemon [_thread_blocked, id=63, stack(0x00007f4aab8b2000,0x00007f4aab9b3000)]
  0x00007f49f800c800 JavaThread "PostgreSQL-JDBC-SharedTimer-1" daemon [_thread_blocked, id=62, stack(0x00007f4a93eff000,0x00007f4a94000000)]
  0x00007f4ac83dd800 JavaThread "http-nio-8080-AsyncTimeout" daemon [_thread_blocked, id=61, stack(0x00007f4a932f3000,0x00007f4a933f4000)]
  0x00007f4ac8448000 JavaThread "http-nio-8080-Acceptor" daemon [_thread_blocked, id=60, stack(0x00007f4a933f4000,0x00007f4a934f5000)]
  0x00007f4ac8446000 JavaThread "http-nio-8080-Poller" daemon [_thread_blocked, id=59, stack(0x00007f4a934f5000,0x00007f4a935f6000)]
  0x00007f4ac8441000 JavaThread "http-nio-8080-exec-10" daemon [_thread_blocked, id=58, stack(0x00007f4a935f6000,0x00007f4a936f7000)]
  0x00007f4ac83bd800 JavaThread "http-nio-8080-exec-9" daemon [_thread_blocked, id=57, stack(0x00007f4a936f7000,0x00007f4a937f8000)]
  0x00007f4ac83bb800 JavaThread "http-nio-8080-exec-8" daemon [_thread_blocked, id=56, stack(0x00007f4a937f8000,0x00007f4a938f9000)]
  0x00007f4ac83b9800 JavaThread "http-nio-8080-exec-7" daemon [_thread_blocked, id=55, stack(0x00007f4a938f9000,0x00007f4a939fa000)]
  0x00007f4ac83b7800 JavaThread "http-nio-8080-exec-6" daemon [_thread_blocked, id=54, stack(0x00007f4a939fa000,0x00007f4a93afb000)]
  0x00007f4ac815e800 JavaThread "http-nio-8080-exec-5" daemon [_thread_blocked, id=53, stack(0x00007f4a93afb000,0x00007f4a93bfc000)]
  0x00007f4ac815c800 JavaThread "http-nio-8080-exec-4" daemon [_thread_blocked, id=52, stack(0x00007f4a93bfc000,0x00007f4a93cfd000)]
  0x00007f4ac815b000 JavaThread "http-nio-8080-exec-3" daemon [_thread_blocked, id=51, stack(0x00007f4aab2ae000,0x00007f4aab3af000)]
  0x00007f4ac8159800 JavaThread "http-nio-8080-exec-2" daemon [_thread_blocked, id=50, stack(0x00007f4aab3af000,0x00007f4aab4b0000)]
  0x00007f4ac8199000 JavaThread "http-nio-8080-exec-1" daemon [_thread_blocked, id=49, stack(0x00007f4aab4b0000,0x00007f4aab5b1000)]
  0x00007f4ac8649000 JavaThread "ContainerBackgroundProcessor[StandardEngine[Catalina]]" daemon [_thread_blocked, id=48, stack(0x00007f4aab5b1000,0x00007f4aab6b2000)]
  0x00007f4a4e213800 JavaThread "Import Entry Archiver" daemon [_thread_blocked, id=47, stack(0x00007f4a93cfd000,0x00007f4a93dfe000)]
  0x00007f4a4e20f800 JavaThread "Import Entry Manager Main" daemon [_thread_blocked, id=46, stack(0x00007f4a93dfe000,0x00007f4a93eff000)]
  0x00007f4a4d25a000 JavaThread "DefaultQuartzScheduler_QuartzSchedulerThread" [_thread_blocked, id=44, stack(0x00007f4aa00f5000,0x00007f4aa01f6000)]
  0x00007f4a4d40b000 JavaThread "DefaultQuartzScheduler_Worker-10" [_thread_blocked, id=43, stack(0x00007f4aa03f6000,0x00007f4aa04f7000)]
  0x00007f4a4d409800 JavaThread "DefaultQuartzScheduler_Worker-9" [_thread_blocked, id=42, stack(0x00007f4aa04f7000,0x00007f4aa05f8000)]
  0x00007f4a4e45d800 JavaThread "DefaultQuartzScheduler_Worker-8" [_thread_blocked, id=41, stack(0x00007f4aa05f8000,0x00007f4aa06f9000)]
  0x00007f4a4e45c000 JavaThread "DefaultQuartzScheduler_Worker-7" [_thread_blocked, id=40, stack(0x00007f4aa06f9000,0x00007f4aa07fa000)]
  0x00007f4a4e45a000 JavaThread "DefaultQuartzScheduler_Worker-6" [_thread_blocked, id=39, stack(0x00007f4aa07fa000,0x00007f4aa08fb000)]
  0x00007f4a4e458800 JavaThread "DefaultQuartzScheduler_Worker-5" [_thread_blocked, id=38, stack(0x00007f4aa08fb000,0x00007f4aa09fc000)]
  0x00007f4a4e457000 JavaThread "DefaultQuartzScheduler_Worker-4" [_thread_blocked, id=37, stack(0x00007f4aa09fc000,0x00007f4aa0afd000)]
  0x00007f4a4e58d800 JavaThread "DefaultQuartzScheduler_Worker-3" [_thread_blocked, id=36, stack(0x00007f4aa0afd000,0x00007f4aa0bfe000)]
  0x00007f4a4e592800 JavaThread "DefaultQuartzScheduler_Worker-2" [_thread_blocked, id=35, stack(0x00007f4aa0bfe000,0x00007f4aa0cff000)]
  0x00007f4a4e592000 JavaThread "DefaultQuartzScheduler_Worker-1" [_thread_blocked, id=34, stack(0x00007f4aa0cff000,0x00007f4aa0e00000)]
  0x00007f4a4e300800 JavaThread "Tomcat JDBC Pool Cleaner[1946398939:1696619227055]" daemon [_thread_blocked, id=33, stack(0x00007f4aa80d3000,0x00007f4aa81d4000)]
  0x00007f4ac8589000 JavaThread "GC Daemon" daemon [_thread_blocked, id=30, stack(0x00007f4aabcff000,0x00007f4aabe00000)]
  0x00007f4ac8173000 JavaThread "AsyncFileHandlerWriter-1259475182" daemon [_thread_blocked, id=29, stack(0x00007f4ab091c000,0x00007f4ab0a1d000)]
  0x00007f4ac80da800 JavaThread "Service Thread" daemon [_thread_blocked, id=27, stack(0x00007f4ab0f7c000,0x00007f4ab107d000)]
  0x00007f4ac80cd800 JavaThread "C1 CompilerThread3" daemon [_thread_blocked, id=26, stack(0x00007f4ab107e000,0x00007f4ab117e000)]
  0x00007f4ac80cb800 JavaThread "C2 CompilerThread2" daemon [_thread_blocked, id=25, stack(0x00007f4ab117f000,0x00007f4ab127f000)]
  0x00007f4ac80c9800 JavaThread "C2 CompilerThread1" daemon [_thread_blocked, id=24, stack(0x00007f4ab1280000,0x00007f4ab1380000)]
  0x00007f4ac80c7000 JavaThread "C2 CompilerThread0" daemon [_thread_blocked, id=23, stack(0x00007f4ab1381000,0x00007f4ab1481000)]
  0x00007f4ac80b3000 JavaThread "Signal Dispatcher" daemon [_thread_blocked, id=22, stack(0x00007f4ab1481000,0x00007f4ab1582000)]
  0x00007f4ac808f800 JavaThread "Finalizer" daemon [_thread_blocked, id=21, stack(0x00007f4ab174a000,0x00007f4ab184b000)]
  0x00007f4ac808b000 JavaThread "Reference Handler" daemon [_thread_blocked, id=20, stack(0x00007f4ab184b000,0x00007f4ab194c000)]
  0x00007f4ac800b000 JavaThread "main" [_thread_in_native, id=10, stack(0x00007f4acd3fa000,0x00007f4acd4fa000)]

Other Threads:
  0x00007f4ac8081000 VMThread [stack: 0x00007f4ab194d000,0x00007f4ab1a4d000] [id=19]
  0x00007f4ac80dd000 WatcherThread [stack: 0x00007f4ab0e7c000,0x00007f4ab0f7c000] [id=28]

=>0x00007f4ac8027000 (exited) GCTaskThread [stack: 0x00007f4ab8a17000,0x00007f4ab8b17000] [id=15]

VM state:at safepoint (normal execution)

VM Mutex/Monitor currently owned by a thread:  ([mutex/lock_event])
[0x00007f4ac80082c0] Threads_lock - owner thread: 0x00007f4ac8081000
[0x00007f4ac80087c0] Heap_lock - owner thread: 0x00007f4ac815e800

heap address: 0x0000000704800000, size: 3000 MB, Compressed Oops mode: Zero based, Oop shift amount: 3
Narrow klass base: 0x0000000000000000, Narrow klass shift: 3
Compressed class space size: 1073741824 Address: 0x00000007c0000000

Heap:
 PSYoungGen      total 946176K, used 32493K [0x0000000781800000, 0x00000007c0000000, 0x00000007c0000000)
  eden space 913408K, 0% used [0x0000000781800000,0x0000000781800000,0x00000007b9400000)
  from space 32768K, 99% used [0x00000007b9400000,0x00000007bb3bb6e0,0x00000007bb400000)
  to   space 55808K, 0% used [0x00000007bc980000,0x00000007bc980000,0x00000007c0000000)
 ParOldGen       total 1165312K, used 816671K [0x0000000704800000, 0x000000074ba00000, 0x0000000781800000)
  object space 1165312K, 70% used [0x0000000704800000,0x0000000736587eb0,0x000000074ba00000)
 Metaspace       used 158913K, capacity 164296K, committed 164336K, reserved 1198080K
  class space    used 14180K, capacity 15249K, committed 15280K, reserved 1048576K

Card table byte_map: [0x00007f4acc3db000,0x00007f4acc9b8000] byte_map_base: 0x00007f4ac8bb7000

Marking Bits: (ParMarkBitMap*) 0x00007f4ace626860
 Begin Bits: [0x00007f4a7e240000, 0x00007f4a81120000)
 End Bits:   [0x00007f4a81120000, 0x00007f4a84000000)

Polling page: 0x00007f4acea8a000

CodeCache: size=245760Kb used=63658Kb max_used=64332Kb free=182101Kb
 bounds [0x00007f4ab9000000, 0x00007f4abcf40000, 0x00007f4ac8000000]
 total_blobs=16175 nmethods=15476 adapters=611
 compilation: enabled

Compilation events (10 events):
Event: 9214.720 Thread 0x00007f4ac80cd800 20909   !   3       sun.nio.ch.SocketAdaptor::setBooleanOption (22 bytes)
Event: 9214.720 Thread 0x00007f4ac80cd800 nmethod 20909 0x00007f4aba883ad0 code [0x00007f4aba883c60, 0x00007f4aba883f18]
Event: 9214.720 Thread 0x00007f4ac80cd800 20910       3       sun.nio.ch.EPollSelectorImpl::implRegister (66 bytes)
Event: 9214.721 Thread 0x00007f4ac80cd800 nmethod 20910 0x00007f4abb07cc50 code [0x00007f4abb07ce80, 0x00007f4abb07d8e8]
Event: 9214.721 Thread 0x00007f4ac80cd800 20911   !   3       sun.nio.ch.EPollArrayWrapper::add (50 bytes)
Event: 9214.721 Thread 0x00007f4ac80cd800 nmethod 20911 0x00007f4abca11fd0 code [0x00007f4abca12140, 0x00007f4abca12488]
Event: 9214.726 Thread 0x00007f4ac80cd800 20912       3       java.util.regex.Pattern::closure (477 bytes)
Event: 9214.728 Thread 0x00007f4ac80cd800 nmethod 20912 0x00007f4abc30ac50 code [0x00007f4abc30b2a0, 0x00007f4abc30f228]
Event: 9214.728 Thread 0x00007f4ac80cd800 20913       3       sun.security.jca.ProviderList::getProvider (22 bytes)
Event: 9214.729 Thread 0x00007f4ac80cd800 nmethod 20913 0x00007f4abb348210 code [0x00007f4abb348380, 0x00007f4abb348628]

GC Heap History (10 events):
Event: 8956.488 GC heap after
Heap after GC invocations=55 (full 4):
 PSYoungGen      total 971776K, used 4949K [0x0000000781800000, 0x00000007bff00000, 0x00000007c0000000)
  eden space 921600K, 0% used [0x0000000781800000,0x0000000781800000,0x00000007b9c00000)
  from space 50176K, 9% used [0x00000007b9c00000,0x00000007ba0d56b0,0x00000007bcd00000)
  to   space 50688K, 0% used [0x00000007bcd80000,0x00000007bcd80000,0x00000007bff00000)
 ParOldGen       total 1165312K, used 813484K [0x0000000704800000, 0x000000074ba00000, 0x0000000781800000)
  object space 1165312K, 69% used [0x0000000704800000,0x000000073626b0b0,0x000000074ba00000)
 Metaspace       used 152534K, capacity 156834K, committed 156968K, reserved 1191936K
  class space    used 13389K, capacity 14330K, committed 14384K, reserved 1048576K
}
Event: 9018.902 GC heap before
{Heap before GC invocations=56 (full 4):
 PSYoungGen      total 971776K, used 926549K [0x0000000781800000, 0x00000007bff00000, 0x00000007c0000000)
  eden space 921600K, 100% used [0x0000000781800000,0x00000007b9c00000,0x00000007b9c00000)
  from space 50176K, 9% used [0x00000007b9c00000,0x00000007ba0d56b0,0x00000007bcd00000)
  to   space 50688K, 0% used [0x00000007bcd80000,0x00000007bcd80000,0x00000007bff00000)
 ParOldGen       total 1165312K, used 813484K [0x0000000704800000, 0x000000074ba00000, 0x0000000781800000)
  object space 1165312K, 69% used [0x0000000704800000,0x000000073626b0b0,0x000000074ba00000)
 Metaspace       used 153410K, capacity 158176K, committed 158376K, reserved 1193984K
  class space    used 13501K, capacity 14511K, committed 14512K, reserved 1048576K
Event: 9018.916 GC heap after
Heap after GC invocations=56 (full 4):
 PSYoungGen      total 972800K, used 7035K [0x0000000781800000, 0x00000007bff80000, 0x00000007c0000000)
  eden space 922112K, 0% used [0x0000000781800000,0x0000000781800000,0x00000007b9c80000)
  from space 50688K, 13% used [0x00000007bcd80000,0x00000007bd45ed50,0x00000007bff00000)
  to   space 50176K, 0% used [0x00000007b9c80000,0x00000007b9c80000,0x00000007bcd80000)
 ParOldGen       total 1165312K, used 816647K [0x0000000704800000, 0x000000074ba00000, 0x0000000781800000)
  object space 1165312K, 70% used [0x0000000704800000,0x0000000736581eb0,0x000000074ba00000)
 Metaspace       used 153410K, capacity 158176K, committed 158376K, reserved 1193984K
  class space    used 13501K, capacity 14511K, committed 14512K, reserved 1048576K
}
Event: 9055.862 GC heap before
{Heap before GC invocations=57 (full 4):
 PSYoungGen      total 972800K, used 929147K [0x0000000781800000, 0x00000007bff80000, 0x00000007c0000000)
  eden space 922112K, 100% used [0x0000000781800000,0x00000007b9c80000,0x00000007b9c80000)
  from space 50688K, 13% used [0x00000007bcd80000,0x00000007bd45ed50,0x00000007bff00000)
  to   space 50176K, 0% used [0x00000007b9c80000,0x00000007b9c80000,0x00000007bcd80000)
 ParOldGen       total 1165312K, used 816647K [0x0000000704800000, 0x000000074ba00000, 0x0000000781800000)
  object space 1165312K, 70% used [0x0000000704800000,0x0000000736581eb0,0x000000074ba00000)
 Metaspace       used 154169K, capacity 159586K, committed 159912K, reserved 1193984K
  class space    used 13596K, capacity 14682K, committed 14768K, reserved 1048576K
Event: 9055.895 GC heap after
Heap after GC invocations=57 (full 4):
 PSYoungGen      total 972288K, used 31469K [0x0000000781800000, 0x00000007c0000000, 0x00000007c0000000)
  eden space 922112K, 0% used [0x0000000781800000,0x0000000781800000,0x00000007b9c80000)
  from space 50176K, 62% used [0x00000007b9c80000,0x00000007bbb3b530,0x00000007bcd80000)
  to   space 51200K, 0% used [0x00000007bce00000,0x00000007bce00000,0x00000007c0000000)
 ParOldGen       total 1165312K, used 816655K [0x0000000704800000, 0x000000074ba00000, 0x0000000781800000)
  object space 1165312K, 70% used [0x0000000704800000,0x0000000736583eb0,0x000000074ba00000)
 Metaspace       used 154169K, capacity 159586K, committed 159912K, reserved 1193984K
  class space    used 13596K, capacity 14682K, committed 14768K, reserved 1048576K
}
Event: 9106.712 GC heap before
{Heap before GC invocations=58 (full 4):
 PSYoungGen      total 972288K, used 953581K [0x0000000781800000, 0x00000007c0000000, 0x00000007c0000000)
  eden space 922112K, 100% used [0x0000000781800000,0x00000007b9c80000,0x00000007b9c80000)
  from space 50176K, 62% used [0x00000007b9c80000,0x00000007bbb3b530,0x00000007bcd80000)
  to   space 51200K, 0% used [0x00000007bce00000,0x00000007bce00000,0x00000007c0000000)
 ParOldGen       total 1165312K, used 816655K [0x0000000704800000, 0x000000074ba00000, 0x0000000781800000)
  object space 1165312K, 70% used [0x0000000704800000,0x0000000736583eb0,0x000000074ba00000)
 Metaspace       used 154348K, capacity 159804K, committed 159912K, reserved 1193984K
  class space    used 13605K, capacity 14697K, committed 14768K, reserved 1048576K
Event: 9106.744 GC heap after
Heap after GC invocations=58 (full 4):
 PSYoungGen      total 964608K, used 39530K [0x0000000781800000, 0x00000007c0000000, 0x00000007c0000000)
  eden space 913408K, 0% used [0x0000000781800000,0x0000000781800000,0x00000007b9400000)
  from space 51200K, 77% used [0x00000007bce00000,0x00000007bf49a878,0x00000007c0000000)
  to   space 55296K, 0% used [0x00000007b9400000,0x00000007b9400000,0x00000007bca00000)
 ParOldGen       total 1165312K, used 816663K [0x0000000704800000, 0x000000074ba00000, 0x0000000781800000)
  object space 1165312K, 70% used [0x0000000704800000,0x0000000736585eb0,0x000000074ba00000)
 Metaspace       used 154348K, capacity 159804K, committed 159912K, reserved 1193984K
  class space    used 13605K, capacity 14697K, committed 14768K, reserved 1048576K
}
Event: 9214.798 GC heap before
{Heap before GC invocations=59 (full 4):
 PSYoungGen      total 964608K, used 736646K [0x0000000781800000, 0x00000007c0000000, 0x00000007c0000000)
  eden space 913408K, 76% used [0x0000000781800000,0x00000007ac0c7200,0x00000007b9400000)
  from space 51200K, 77% used [0x00000007bce00000,0x00000007bf49a878,0x00000007c0000000)
  to   space 55296K, 0% used [0x00000007b9400000,0x00000007b9400000,0x00000007bca00000)
 ParOldGen       total 1165312K, used 816663K [0x0000000704800000, 0x000000074ba00000, 0x0000000781800000)
  object space 1165312K, 70% used [0x0000000704800000,0x0000000736585eb0,0x000000074ba00000)
 Metaspace       used 158913K, capacity 164296K, committed 164336K, reserved 1198080K
  class space    used 14180K, capacity 15249K, committed 15280K, reserved 1048576K
Event: 9214.819 GC heap after
Heap after GC invocations=59 (full 4):
 PSYoungGen      total 946176K, used 32493K [0x0000000781800000, 0x00000007c0000000, 0x00000007c0000000)
  eden space 913408K, 0% used [0x0000000781800000,0x0000000781800000,0x00000007b9400000)
  from space 32768K, 99% used [0x00000007b9400000,0x00000007bb3bb6e0,0x00000007bb400000)
  to   space 55808K, 0% used [0x00000007bc980000,0x00000007bc980000,0x00000007c0000000)
 ParOldGen       total 1165312K, used 816671K [0x0000000704800000, 0x000000074ba00000, 0x0000000781800000)
  object space 1165312K, 70% used [0x0000000704800000,0x0000000736587eb0,0x000000074ba00000)
 Metaspace       used 158913K, capacity 164296K, committed 164336K, reserved 1198080K
  class space    used 14180K, capacity 15249K, committed 15280K, reserved 1048576K
}
Event: 9214.819 GC heap before
{Heap before GC invocations=60 (full 5):
 PSYoungGen      total 946176K, used 32493K [0x0000000781800000, 0x00000007c0000000, 0x00000007c0000000)
  eden space 913408K, 0% used [0x0000000781800000,0x0000000781800000,0x00000007b9400000)
  from space 32768K, 99% used [0x00000007b9400000,0x00000007bb3bb6e0,0x00000007bb400000)
  to   space 55808K, 0% used [0x00000007bc980000,0x00000007bc980000,0x00000007c0000000)
 ParOldGen       total 1165312K, used 816671K [0x0000000704800000, 0x000000074ba00000, 0x0000000781800000)
  object space 1165312K, 70% used [0x0000000704800000,0x0000000736587eb0,0x000000074ba00000)
 Metaspace       used 158913K, capacity 164296K, committed 164336K, reserved 1198080K
  class space    used 14180K, capacity 15249K, committed 15280K, reserved 1048576K

Deoptimization events (10 events):
Event: 9214.417 Thread 0x00007f4ac815e800 Uncommon trap: reason=unstable_if action=reinterpret pc=0x00007f4aba132964 method=java.util.WeakHashMap.get(Ljava/lang/Object;)Ljava/lang/Object; @ 56
Event: 9214.430 Thread 0x00007f4ac815e800 Uncommon trap: reason=unstable_if action=reinterpret pc=0x00007f4abb0d742c method=java.util.WeakHashMap.get(Ljava/lang/Object;)Ljava/lang/Object; @ 56
Event: 9214.528 Thread 0x00007f4ac815e800 Uncommon trap: reason=bimorphic action=maybe_recompile pc=0x00007f4abc7f8c4c method=java.util.regex.Pattern$Curly.match1(Ljava/util/regex/Matcher;IILjava/lang/CharSequence;)Z @ 34
Event: 9214.528 Thread 0x00007f4ac815e800 Uncommon trap: reason=bimorphic action=maybe_recompile pc=0x00007f4abc7f8c4c method=java.util.regex.Pattern$Curly.match1(Ljava/util/regex/Matcher;IILjava/lang/CharSequence;)Z @ 34
Event: 9214.533 Thread 0x00007f4ac815e800 Uncommon trap: reason=bimorphic action=maybe_recompile pc=0x00007f4abc7f8c4c method=java.util.regex.Pattern$Curly.match1(Ljava/util/regex/Matcher;IILjava/lang/CharSequence;)Z @ 34
Event: 9214.538 Thread 0x00007f4ac815e800 Uncommon trap: reason=bimorphic action=maybe_recompile pc=0x00007f4abcde7d44 method=org.apache.xerces.parsers.AbstractSAXParser.endNamespaceMapping()V @ 33
Event: 9214.557 Thread 0x00007f4ac815e800 Uncommon trap: reason=unstable_if action=reinterpret pc=0x00007f4ab92c6770 method=java.lang.ClassLoader.getPackage(Ljava/lang/String;)Ljava/lang/Package; @ 60
Event: 9214.626 Thread 0x00007f4ac815e800 Uncommon trap: reason=class_check action=maybe_recompile pc=0x00007f4ab9cf212c method=java.lang.AbstractStringBuilder.insert(ILjava/lang/String;)Ljava/lang/AbstractStringBuilder; @ 6
Event: 9214.648 Thread 0x00007f4ac815e800 Uncommon trap: reason=class_check action=maybe_recompile pc=0x00007f4ab9cf212c method=java.lang.AbstractStringBuilder.insert(ILjava/lang/String;)Ljava/lang/AbstractStringBuilder; @ 6
Event: 9214.648 Thread 0x00007f4ac815e800 Uncommon trap: reason=class_check action=maybe_recompile pc=0x00007f4ab9cf212c method=java.lang.AbstractStringBuilder.insert(ILjava/lang/String;)Ljava/lang/AbstractStringBuilder; @ 6

Classes redefined (0 events):
No events

Internal exceptions (10 events):
Event: 9054.017 Thread 0x00007f4ac83bb800 Exception <a 'java/lang/ClassNotFoundException': org/openbravo/client/application/window/OBViewParameterHandler$OBViewParamGroupCustomizer> (0x00000007a09cf668) thrown at [/home/openjdk/jdk8u/hotspot/src/share/vm/classfile/systemDictionary.cpp, line 217]
Event: 9054.018 Thread 0x00007f4ac83bb800 Exception <a 'java/lang/ClassNotFoundException': org/openbravo/client/application/ParameterBeanInfo> (0x00000007a0a86ac0) thrown at [/home/openjdk/jdk8u/hotspot/src/share/vm/classfile/systemDictionary.cpp, line 217]
Event: 9054.019 Thread 0x00007f4ac83bb800 Exception <a 'java/lang/ClassNotFoundException': org/openbravo/client/application/ParameterCustomizer> (0x00000007a0b0f168) thrown at [/home/openjdk/jdk8u/hotspot/src/share/vm/classfile/systemDictionary.cpp, line 217]
Event: 9105.792 Thread 0x00007f4ac8441000 Exception <a 'java/lang/ClassNotFoundException': org/openbravo/client/application/window/OBViewTab$PrintButtonBeanInfo> (0x00000007a8338428) thrown at [/home/openjdk/jdk8u/hotspot/src/share/vm/classfile/systemDictionary.cpp, line 217]
Event: 9105.793 Thread 0x00007f4ac8441000 Exception <a 'java/lang/ClassNotFoundException': org/openbravo/client/application/window/OBViewTab$PrintButtonCustomizer> (0x00000007a83e0390) thrown at [/home/openjdk/jdk8u/hotspot/src/share/vm/classfile/systemDictionary.cpp, line 217]
Event: 9107.565 Thread 0x00007f4ac8159800 Implicit null exception at 0x00007f4ab9930118 to 0x00007f4ab99303c5
Event: 9213.138 Thread 0x00007f4ac815e800 Implicit null exception at 0x00007f4abb95ca60 to 0x00007f4abb95cb81
Event: 9213.336 Thread 0x00007f4ac815e800 Implicit null exception at 0x00007f4ab9581fc2 to 0x00007f4ab958529d
Event: 9214.526 Thread 0x00007f4ac815e800 Exception <a 'java/io/FileNotFoundException'> (0x00000007ab0ec560) thrown at [/home/openjdk/jdk8u/hotspot/src/share/vm/prims/jni.cpp, line 711]
Event: 9214.526 Thread 0x00007f4ac815e800 Exception <a 'java/io/FileNotFoundException'> (0x00000007ab0ed260) thrown at [/home/openjdk/jdk8u/hotspot/src/share/vm/prims/jni.cpp, line 711]

Events (10 events):
Event: 9214.648 Thread 0x00007f4ac815e800 Uncommon trap: trap_request=0xffffffde fr.pc=0x00007f4ab9cf212c
Event: 9214.648 Thread 0x00007f4ac815e800 DEOPT PACKING pc=0x00007f4ab9cf212c sp=0x00007f4a93bf7ee0
Event: 9214.648 Thread 0x00007f4ac815e800 DEOPT UNPACKING pc=0x00007f4ab904547a sp=0x00007f4a93bf7ee8 mode 2
Event: 9214.675 loading class org/eclipse/jdt/internal/compiler/problem/messages
Event: 9214.675 loading class org/eclipse/jdt/internal/compiler/problem/messages done
Event: 9214.676 loading class org/eclipse/jdt/internal/compiler/problem/messages_en
Event: 9214.676 loading class org/eclipse/jdt/internal/compiler/problem/messages_en done
Event: 9214.750 Executing VM operation: RevokeBias
Event: 9214.750 Executing VM operation: RevokeBias done
Event: 9214.798 Executing VM operation: CollectForMetadataAllocation


Dynamic libraries:
704800000-74ba00000 rw-p 00000000 00:00 0 
74ba00000-781800000 ---p 00000000 00:00 0 
781800000-7c0000000 rw-p 00000000 00:00 0 
7c0000000-7c0eec000 rw-p 00000000 00:00 0 
7c0eec000-800000000 ---p 00000000 00:00 0 
558a29000000-558a29001000 r-xp 00000000 00:2f 3961352                    /usr/local/openjdk-8/bin/java
558a29200000-558a29201000 r--p 00000000 00:2f 3961352                    /usr/local/openjdk-8/bin/java
558a29201000-558a29202000 rw-p 00001000 00:2f 3961352                    /usr/local/openjdk-8/bin/java
558a2ab68000-558a2ab89000 rw-p 00000000 00:00 0                          [heap]
7f49d0000000-7f49d0392000 rw-p 00000000 00:00 0 
7f49d0392000-7f49d4000000 ---p 00000000 00:00 0 
7f49d4000000-7f49d405c000 rw-p 00000000 00:00 0 
7f49d405c000-7f49d8000000 ---p 00000000 00:00 0 
7f49d8000000-7f49d8021000 rw-p 00000000 00:00 0 
7f49d8021000-7f49dc000000 ---p 00000000 00:00 0 
7f49dc000000-7f49dc021000 rw-p 00000000 00:00 0 
7f49dc021000-7f49e0000000 ---p 00000000 00:00 0 
7f49e0000000-7f49e0054000 rw-p 00000000 00:00 0 
7f49e0054000-7f49e4000000 ---p 00000000 00:00 0 
7f49e4000000-7f49e44c2000 rw-p 00000000 00:00 0 
7f49e44c2000-7f49e8000000 ---p 00000000 00:00 0 
7f49e8000000-7f49e820b000 rw-p 00000000 00:00 0 
7f49e820b000-7f49ec000000 ---p 00000000 00:00 0 
7f49ec000000-7f49ec08c000 rw-p 00000000 00:00 0 
7f49ec08c000-7f49f0000000 ---p 00000000 00:00 0 
7f49f0000000-7f49f019b000 rw-p 00000000 00:00 0 
7f49f019b000-7f49f4000000 ---p 00000000 00:00 0 
7f49f4000000-7f49f4198000 rw-p 00000000 00:00 0 
7f49f4198000-7f49f8000000 ---p 00000000 00:00 0 
7f49f8000000-7f49f819d000 rw-p 00000000 00:00 0 
7f49f819d000-7f49fc000000 ---p 00000000 00:00 0 
7f49fc000000-7f49fc164000 rw-p 00000000 00:00 0 
7f49fc164000-7f4a00000000 ---p 00000000 00:00 0 
7f4a00000000-7f4a0067e000 rw-p 00000000 00:00 0 
7f4a0067e000-7f4a04000000 ---p 00000000 00:00 0 
7f4a04000000-7f4a042c5000 rw-p 00000000 00:00 0 
7f4a042c5000-7f4a08000000 ---p 00000000 00:00 0 
7f4a08000000-7f4a08021000 rw-p 00000000 00:00 0 
7f4a08021000-7f4a0c000000 ---p 00000000 00:00 0 
7f4a0c000000-7f4a0c025000 rw-p 00000000 00:00 0 
7f4a0c025000-7f4a10000000 ---p 00000000 00:00 0 
7f4a10000000-7f4a10021000 rw-p 00000000 00:00 0 
7f4a10021000-7f4a14000000 ---p 00000000 00:00 0 
7f4a14000000-7f4a14134000 rw-p 00000000 00:00 0 
7f4a14134000-7f4a18000000 ---p 00000000 00:00 0 
7f4a18000000-7f4a18111000 rw-p 00000000 00:00 0 
7f4a18111000-7f4a1c000000 ---p 00000000 00:00 0 
7f4a1c000000-7f4a1c097000 rw-p 00000000 00:00 0 
7f4a1c097000-7f4a20000000 ---p 00000000 00:00 0 
7f4a20000000-7f4a20027000 rw-p 00000000 00:00 0 
7f4a20027000-7f4a24000000 ---p 00000000 00:00 0 
7f4a24000000-7f4a24125000 rw-p 00000000 00:00 0 
7f4a24125000-7f4a28000000 ---p 00000000 00:00 0 
7f4a28000000-7f4a280b1000 rw-p 00000000 00:00 0 
7f4a280b1000-7f4a2c000000 ---p 00000000 00:00 0 
7f4a2c000000-7f4a2c118000 rw-p 00000000 00:00 0 
7f4a2c118000-7f4a30000000 ---p 00000000 00:00 0 
7f4a30000000-7f4a30115000 rw-p 00000000 00:00 0 
7f4a30115000-7f4a34000000 ---p 00000000 00:00 0 
7f4a34000000-7f4a34113000 rw-p 00000000 00:00 0 
7f4a34113000-7f4a38000000 ---p 00000000 00:00 0 
7f4a38000000-7f4a38138000 rw-p 00000000 00:00 0 
7f4a38138000-7f4a3c000000 ---p 00000000 00:00 0 
7f4a3c000000-7f4a3c116000 rw-p 00000000 00:00 0 
7f4a3c116000-7f4a40000000 ---p 00000000 00:00 0 
7f4a40000000-7f4a40021000 rw-p 00000000 00:00 0 
7f4a40021000-7f4a44000000 ---p 00000000 00:00 0 
7f4a44000000-7f4a443c2000 rw-p 00000000 00:00 0 
7f4a443c2000-7f4a48000000 ---p 00000000 00:00 0 
7f4a48000000-7f4a48021000 rw-p 00000000 00:00 0 
7f4a48021000-7f4a4c000000 ---p 00000000 00:00 0 
7f4a4c000000-7f4a4ec12000 rw-p 00000000 00:00 0 
7f4a4ec12000-7f4a50000000 ---p 00000000 00:00 0 
7f4a50000000-7f4a50021000 rw-p 00000000 00:00 0 
7f4a50021000-7f4a54000000 ---p 00000000 00:00 0 
7f4a54000000-7f4a54021000 rw-p 00000000 00:00 0 
7f4a54021000-7f4a58000000 ---p 00000000 00:00 0 
7f4a58000000-7f4a58021000 rw-p 00000000 00:00 0 
7f4a58021000-7f4a5c000000 ---p 00000000 00:00 0 
7f4a5c000000-7f4a5c021000 rw-p 00000000 00:00 0 
7f4a5c021000-7f4a60000000 ---p 00000000 00:00 0 
7f4a60000000-7f4a6391b000 rw-p 00000000 00:00 0 
7f4a6391b000-7f4a64000000 ---p 00000000 00:00 0 
7f4a64000000-7f4a65c18000 rw-p 00000000 00:00 0 
7f4a65c18000-7f4a68000000 ---p 00000000 00:00 0 
7f4a68000000-7f4a6a66e000 rw-p 00000000 00:00 0 
7f4a6a66e000-7f4a6c000000 ---p 00000000 00:00 0 
7f4a6c000000-7f4a6fffd000 rw-p 00000000 00:00 0 
7f4a6fffd000-7f4a70000000 ---p 00000000 00:00 0 
7f4a70000000-7f4a70021000 rw-p 00000000 00:00 0 
7f4a70021000-7f4a74000000 ---p 00000000 00:00 0 
7f4a74000000-7f4a74021000 rw-p 00000000 00:00 0 
7f4a74021000-7f4a78000000 ---p 00000000 00:00 0 
7f4a78000000-7f4a78021000 rw-p 00000000 00:00 0 
7f4a78021000-7f4a7c000000 ---p 00000000 00:00 0 
7f4a7e240000-7f4a84000000 rw-p 00000000 00:00 0 
7f4a84000000-7f4a84021000 rw-p 00000000 00:00 0 
7f4a84021000-7f4a88000000 ---p 00000000 00:00 0 
7f4a88000000-7f4a8815a000 rw-p 00000000 00:00 0 
7f4a8815a000-7f4a8c000000 ---p 00000000 00:00 0 
7f4a8c000000-7f4a8c02d000 rw-p 00000000 00:00 0 
7f4a8c02d000-7f4a90000000 ---p 00000000 00:00 0 
7f4a90b9e000-7f4a90ba5000 r-xp 00000000 00:2f 3961776                    /usr/local/openjdk-8/jre/lib/amd64/libawt_headless.so
7f4a90ba5000-7f4a90da4000 ---p 00007000 00:2f 3961776                    /usr/local/openjdk-8/jre/lib/amd64/libawt_headless.so
7f4a90da4000-7f4a90da5000 r--p 00006000 00:2f 3961776                    /usr/local/openjdk-8/jre/lib/amd64/libawt_headless.so
7f4a90da5000-7f4a90da6000 rw-p 00007000 00:2f 3961776                    /usr/local/openjdk-8/jre/lib/amd64/libawt_headless.so
7f4a90da6000-7f4a90e4a000 r-xp 00000000 00:2f 3961775                    /usr/local/openjdk-8/jre/lib/amd64/libawt.so
7f4a90e4a000-7f4a91049000 ---p 000a4000 00:2f 3961775                    /usr/local/openjdk-8/jre/lib/amd64/libawt.so
7f4a91049000-7f4a9104a000 r--p 000a3000 00:2f 3961775                    /usr/local/openjdk-8/jre/lib/amd64/libawt.so
7f4a9104a000-7f4a91055000 rw-p 000a4000 00:2f 3961775                    /usr/local/openjdk-8/jre/lib/amd64/libawt.so
7f4a91055000-7f4a9120c000 rw-p 00000000 00:00 0 
7f4a9120c000-7f4a9127a000 ---p 00000000 00:00 0 
7f4a9127a000-7f4a9147a000 rw-p 00000000 00:00 0 
7f4a9147a000-7f4a9167a000 rw-p 00000000 00:00 0 
7f4a9167a000-7f4a9187a000 rw-p 00000000 00:00 0 
7f4a9187a000-7f4a91a7a000 rw-p 00000000 00:00 0 
7f4a91a7a000-7f4a91a95000 r--s 001d6000 00:2f 3961830                    /usr/local/openjdk-8/jre/lib/ext/nashorn.jar
7f4a91a95000-7f4a91c95000 rw-p 00000000 00:00 0 
7f4a91c95000-7f4a91e95000 rw-p 00000000 00:00 0 
7f4a91e95000-7f4a92095000 rw-p 00000000 00:00 0 
7f4a92095000-7f4a92295000 rw-p 00000000 00:00 0 
7f4a92295000-7f4a92495000 rw-p 00000000 00:00 0 
7f4a92495000-7f4a92695000 rw-p 00000000 00:00 0 
7f4a92695000-7f4a92895000 rw-p 00000000 00:00 0 
7f4a92895000-7f4a92a95000 rw-p 00000000 00:00 0 
7f4a92a95000-7f4a92a98000 r--s 00016000 08:02 17443039                   /usr/local/tomcat/webapps/sanfelipepreprod/WEB-INF/lib/commons-pool-1.5.6.jar
7f4a92a98000-7f4a92a9c000 r--s 0002a000 08:02 17443035                   /usr/local/tomcat/webapps/sanfelipepreprod/WEB-INF/lib/commons-io-2.4.jar
7f4a92a9c000-7f4a92a9d000 r--s 00001000 08:02 17443098                   /usr/local/tomcat/webapps/sanfelipepreprod/WEB-INF/lib/jsmin.0.2.4.jar
7f4a92a9d000-7f4a92aa5000 r--s 000a8000 08:02 17443112                   /usr/local/tomcat/webapps/sanfelipepreprod/WEB-INF/lib/postgresql-42.2.2.jre7.jar
7f4a92aa5000-7f4a92ab3000 r--s 00099000 08:02 17443050                   /usr/local/tomcat/webapps/sanfelipepreprod/WEB-INF/lib/guice-2.0.jar
7f4a92ab3000-7f4a92ab5000 r--s 00001000 08:02 17443099                   /usr/local/tomcat/webapps/sanfelipepreprod/WEB-INF/lib/jta.jar
7f4a92ab5000-7f4a92ab7000 r--s 0000d000 08:02 17443026                   /usr/local/tomcat/webapps/sanfelipepreprod/WEB-INF/lib/cliente-ws-offline.jar
7f4a92ab7000-7f4a92aba000 r--s 00014000 08:02 17443002                   /usr/local/tomcat/webapps/sanfelipepreprod/WEB-INF/lib/barbecue-1.5-beta1.jar
7f4a92aba000-7f4a92ad0000 r--s 000fa000 08:02 17443078                   /usr/local/tomcat/webapps/sanfelipepreprod/WEB-INF/lib/jaxb-impl-2.2.6.jar
7f4a92ad0000-7f4a92ad8000 r--s 0005b000 08:02 17442837                   /usr/local/tomcat/webapps/sanfelipepreprod/WEB-INF/lib/MITyCLibXADES-1.0.5.jar
7f4a92ad8000-7f4a92adb000 r--s 0000f000 08:02 17443033                   /usr/local/tomcat/webapps/sanfelipepreprod/WEB-INF/lib/commons-discovery-0.2.jar
7f4a92adb000-7f4a92adc000 r--s 00007000 08:02 17443017                   /usr/local/tomcat/webapps/sanfelipepreprod/WEB-INF/lib/batik-xml.jar
7f4a92adc000-7f4a92ae2000 r--s 00046000 08:02 17443091                   /usr/local/tomcat/webapps/sanfelipepreprod/WEB-INF/lib/jcommon-1.0.15.jar
7f4a92ae2000-7f4a92ae9000 r--s 00049000 08:02 17443054                   /usr/local/tomcat/webapps/sanfelipepreprod/WEB-INF/lib/httpcore-4.4.9.jar
7f4a92ae9000-7f4a92aea000 r--s 00007000 08:02 17443070                   /usr/local/tomcat/webapps/sanfelipepreprod/WEB-INF/lib/javacsv.jar
7f4a92aea000-7f4a92aec000 r--s 00011000 08:02 17443094                   /usr/local/tomcat/webapps/sanfelipepreprod/WEB-INF/lib/jettison-1.3-patched.jar
7f4a92aec000-7f4a92aee000 r--s 00007000 08:02 17442838                   /usr/local/tomcat/webapps/sanfelipepreprod/WEB-INF/lib/TalendSAX.jar
7f4a92aee000-7f4a92af0000 r--s 00006000 08:02 17443103                   /usr/local/tomcat/webapps/sanfelipepreprod/WEB-INF/lib/nanoxml-2.2.3.jar
7f4a92af0000-7f4a92af8000 r--s 00045000 08:02 17443008                   /usr/local/tomcat/webapps/sanfelipepreprod/WEB-INF/lib/batik-css.jar
7f4a92af8000-7f4a92b37000 r--s 00277000 08:02 17443117                   /usr/local/tomcat/webapps/sanfelipepreprod/WEB-INF/lib/spring.jar
7f4a92b37000-7f4a92b39000 r--s 00012000 08:02 17443120                   /usr/local/tomcat/webapps/sanfelipepreprod/WEB-INF/lib/systemRoutines.jar
7f4a92b39000-7f4a92b3c000 r--s 0000a000 08:02 17443024                   /usr/local/tomcat/webapps/sanfelipepreprod/WEB-INF/lib/cdi-api.jar
7f4a92b3c000-7f4a92b4a000 r--s 000ae000 08:02 17443053                   /usr/local/tomcat/webapps/sanfelipepreprod/WEB-INF/lib/httpclient-4.5.5.jar
7f4a92b4a000-7f4a92b4d000 r--s 0000d000 08:02 17443013                   /usr/local/tomcat/webapps/sanfelipepreprod/WEB-INF/lib/batik-script.jar
7f4a92b4d000-7f4a92b4e000 r--s 00000000 08:02 17443074                   /usr/local/tomcat/webapps/sanfelipepreprod/WEB-INF/lib/javax.inject.jar
7f4a92b4e000-7f4a92b51000 r--s 0000e000 08:02 17443059                   /usr/local/tomcat/webapps/sanfelipepreprod/WEB-INF/lib/jackson-annotations-2.9.4.jar
7f4a92b51000-7f4a92b5a000 r--s 0007b000 08:02 17443086                   /usr/local/tomcat/webapps/sanfelipepreprod/WEB-INF/lib/jaxws-tools.jar
7f4a92b5a000-7f4a92b60000 r--s 00032000 08:02 17443081                   /usr/local/tomcat/webapps/sanfelipepreprod/WEB-INF/lib/jaxen-1.1.1.jar
7f4a92b60000-7f4a92b61000 r--s 000e4000 08:02 17442829                   /usr/local/tomcat/webapps/sanfelipepreprod/WEB-INF/lib/CalibriFont.jar
7f4a92b61000-7f4a92b78000 r--s 00114000 08:02 17443132                   /usr/local/tomcat/webapps/sanfelipepreprod/WEB-INF/lib/xercesImpl.jar
7f4a92b78000-7f4a92b7b000 r--s 00011000 08:02 17443128                   /usr/local/tomcat/webapps/sanfelipepreprod/WEB-INF/lib/weld-servlet-core-1.1.24.Final.jar
7f4a92b7b000-7f4a92b81000 r--s 00043000 08:02 17443004                   /usr/local/tomcat/webapps/sanfelipepreprod/WEB-INF/lib/barcode4j-fop-ext-complete.jar
7f4a92b81000-7f4a92b85000 r--s 00017000 08:02 17443077                   /usr/local/tomcat/webapps/sanfelipepreprod/WEB-INF/lib/jaxb-api.jar
7f4a92b85000-7f4a92b88000 r--s 00025000 08:02 17443031                   /usr/local/tomcat/webapps/sanfelipepreprod/WEB-INF/lib/commons-dbcp-1.4.jar
7f4a92b88000-7f4a92b8b000 r--s 0000c000 08:02 17443088                   /usr/local/tomcat/webapps/sanfelipepreprod/WEB-INF/lib/jboss-interceptor-core-2.0.0.CR1.jar
7f4a92b8b000-7f4a92b8d000 r--s 00007000 08:02 17442997                   /usr/local/tomcat/webapps/sanfelipepreprod/WEB-INF/lib/axis-ant.jar
7f4a92b8d000-7f4a92b8f000 r--s 0000c000 08:02 17443056                   /usr/local/tomcat/webapps/sanfelipepreprod/WEB-INF/lib/itext-pdfa-5.5.0.jar
7f4a92b8f000-7f4a92b9e000 r--s 00074000 08:02 17443096                   /usr/local/tomcat/webapps/sanfelipepreprod/WEB-INF/lib/joda-time-1.6.jar
7f4a92b9e000-7f4a92baa000 r--s 000aa000 08:02 17443100                   /usr/local/tomcat/webapps/sanfelipepreprod/WEB-INF/lib/jxl-2.6.10.jar
7f4a92baa000-7f4a92bac000 r--s 00009000 08:02 17443075                   /usr/local/tomcat/webapps/sanfelipepreprod/WEB-INF/lib/javax.xml.soap-api-1.3.7.jar
7f4a92bac000-7f4a92bae000 r--s 00009000 08:02 17443055                   /usr/local/tomcat/webapps/sanfelipepreprod/WEB-INF/lib/httpmime-4.5.5.jar
7f4a92bae000-7f4a92bb0000 r--s 00006000 08:02 17443082                   /usr/local/tomcat/webapps/sanfelipepreprod/WEB-INF/lib/jaxrpc.jar
7f4a92bb0000-7f4a92bb3000 r--s 0001c000 08:02 17443130                   /usr/local/tomcat/webapps/sanfelipepreprod/WEB-INF/lib/wsdl4j-1.5.1.jar
7f4a92bb3000-7f4a92bd6000 r--s 00177000 08:02 17443019                   /usr/local/tomcat/webapps/sanfelipepreprod/WEB-INF/lib/bcprov-jdk15-1.43.jar
7f4a92bd6000-7f4a92be8000 r--s 000c9000 08:02 17443079                   /usr/local/tomcat/webapps/sanfelipepreprod/WEB-INF/lib/jaxb-impl.jar
7f4a92be8000-7f4a92c2f000 r--s 003ab000 08:02 17443052                   /usr/local/tomcat/webapps/sanfelipepreprod/WEB-INF/lib/hibernate3-patched.jar
7f4a92c2f000-7f4a92c32000 r--s 00015000 08:02 17442830                   /usr/local/tomcat/webapps/sanfelipepreprod/WEB-INF/lib/MITyCLibAPI-1.0.5.jar
7f4a92c32000-7f4a92c36000 r--s 0002b000 08:02 17443040                   /usr/local/tomcat/webapps/sanfelipepreprod/WEB-INF/lib/commons-ssl.jar
7f4a92c36000-7f4a92c92000 r--s 0048c000 08:02 17443068                   /usr/local/tomcat/webapps/sanfelipepreprod/WEB-INF/lib/jasperreports-6.0.0.jar
7f4a92c92000-7f4a92c94000 r--s 00005000 08:02 17443023                   /usr/local/tomcat/webapps/sanfelipepreprod/WEB-INF/lib/catalina-ant.jar
7f4a92c94000-7f4a92c99000 r--s 00030000 08:02 17443015                   /usr/local/tomcat/webapps/sanfelipepreprod/WEB-INF/lib/batik-svggen.jar
7f4a92c99000-7f4a92c9d000 r--s 0002f000 08:02 17443060                   /usr/local/tomcat/webapps/sanfelipepreprod/WEB-INF/lib/jackson-core-2.1.3.jar
7f4a92c9d000-7f4a92ca6000 r--s 0006d000 08:02 17443101                   /usr/local/tomcat/webapps/sanfelipepreprod/WEB-INF/lib/log4j-1.2.16.jar
7f4a92ca6000-7f4a92cb4000 r--s 0007f000 08:02 17443030                   /usr/local/tomcat/webapps/sanfelipepreprod/WEB-INF/lib/commons-collections-3.2.1.jar
7f4a92cb4000-7f4a92cb8000 r--s 00016000 08:02 17443076                   /usr/local/tomcat/webapps/sanfelipepreprod/WEB-INF/lib/jaxb-api-2.2.12.jar
7f4a92cb8000-7f4a92cd9000 r--s 001bb000 08:02 17443110                   /usr/local/tomcat/webapps/sanfelipepreprod/WEB-INF/lib/poi-3.10.1.jar
7f4a92cd9000-7f4a92cdb000 r--s 00005000 08:02 17443114                   /usr/local/tomcat/webapps/sanfelipepreprod/WEB-INF/lib/slf4j-api-1.6.1.jar
7f4a92cdb000-7f4a92cdd000 r--s 00009000 08:02 17443115                   /usr/local/tomcat/webapps/sanfelipepreprod/WEB-INF/lib/slf4j-ext-1.6.1.jar
7f4a92cdd000-7f4a92ce1000 r--s 00027000 08:02 17443009                   /usr/local/tomcat/webapps/sanfelipepreprod/WEB-INF/lib/batik-dom.jar
7f4a92ce1000-7f4a92ce7000 r--s 0004b000 08:02 17443122                   /usr/local/tomcat/webapps/sanfelipepreprod/WEB-INF/lib/tika-core-0.9.jar
7f4a92ce7000-7f4a92cf0000 r--s 00043000 08:02 17443106                   /usr/local/tomcat/webapps/sanfelipepreprod/WEB-INF/lib/ofx4j-1.4.jar
7f4a92cf0000-7f4a92cf3000 r--s 00015000 08:02 17443005                   /usr/local/tomcat/webapps/sanfelipepreprod/WEB-INF/lib/batik-anim.jar
7f4a92cf3000-7f4a92ef3000 rw-p 00000000 00:00 0 
7f4a92ef3000-7f4a930f3000 rw-p 00000000 00:00 0 
7f4a930f3000-7f4a932f3000 rw-p 00000000 00:00 0 
7f4a932f3000-7f4a932f6000 ---p 00000000 00:00 0 
7f4a932f6000-7f4a933f4000 rw-p 00000000 00:00 0 
7f4a933f4000-7f4a933f7000 ---p 00000000 00:00 0 
7f4a933f7000-7f4a934f5000 rw-p 00000000 00:00 0 
7f4a934f5000-7f4a934f8000 ---p 00000000 00:00 0 
7f4a934f8000-7f4a935f6000 rw-p 00000000 00:00 0 
7f4a935f6000-7f4a935f9000 ---p 00000000 00:00 0 
7f4a935f9000-7f4a936f7000 rw-p 00000000 00:00 0 
7f4a936f7000-7f4a936fa000 ---p 00000000 00:00 0 
7f4a936fa000-7f4a937f8000 rw-p 00000000 00:00 0 
7f4a937f8000-7f4a937fb000 ---p 00000000 00:00 0 
7f4a937fb000-7f4a938f9000 rw-p 00000000 00:00 0 
7f4a938f9000-7f4a938fc000 ---p 00000000 00:00 0 
7f4a938fc000-7f4a939fa000 rw-p 00000000 00:00 0 
7f4a939fa000-7f4a939fd000 ---p 00000000 00:00 0 
7f4a939fd000-7f4a93afb000 rw-p 00000000 00:00 0 
7f4a93afb000-7f4a93afe000 ---p 00000000 00:00 0 
7f4a93afe000-7f4a93bfc000 rw-p 00000000 00:00 0 
7f4a93bfc000-7f4a93bff000 ---p 00000000 00:00 0 
7f4a93bff000-7f4a93cfd000 rw-p 00000000 00:00 0 
7f4a93cfd000-7f4a93d00000 ---p 00000000 00:00 0 
7f4a93d00000-7f4a93dfe000 rw-p 00000000 00:00 0 
7f4a93dfe000-7f4a93e01000 ---p 00000000 00:00 0 
7f4a93e01000-7f4a93eff000 rw-p 00000000 00:00 0 
7f4a93eff000-7f4a93f02000 ---p 00000000 00:00 0 
7f4a93f02000-7f4a94000000 rw-p 00000000 00:00 0 
7f4a94000000-7f4a942a1000 rw-p 00000000 00:00 0 
7f4a942a1000-7f4a98000000 ---p 00000000 00:00 0 
7f4a98000000-7f4a98021000 rw-p 00000000 00:00 0 
7f4a98021000-7f4a9c000000 ---p 00000000 00:00 0 
7f4a9c000000-7f4a9c021000 rw-p 00000000 00:00 0 
7f4a9c021000-7f4aa0000000 ---p 00000000 00:00 0 
7f4aa0000000-7f4aa0002000 r--s 00013000 08:02 17443121                   /usr/local/tomcat/webapps/sanfelipepreprod/WEB-INF/lib/talend_file_enhanced_20070724.jar
7f4aa0002000-7f4aa0006000 r--s 00038000 08:02 17443011                   /usr/local/tomcat/webapps/sanfelipepreprod/WEB-INF/lib/batik-gvt.jar
7f4aa0006000-7f4aa0008000 r--s 00010000 08:02 17443012                   /usr/local/tomcat/webapps/sanfelipepreprod/WEB-INF/lib/batik-parser.jar
7f4aa0008000-7f4aa000b000 r--s 0001d000 08:02 17443016                   /usr/local/tomcat/webapps/sanfelipepreprod/WEB-INF/lib/batik-util.jar
7f4aa000b000-7f4aa0010000 r--s 00068000 08:02 17442995                   /usr/local/tomcat/webapps/sanfelipepreprod/WEB-INF/lib/antlr-2.7.7.jar
7f4aa0010000-7f4aa0015000 r--s 0003e000 08:02 17443105                   /usr/local/tomcat/webapps/sanfelipepreprod/WEB-INF/lib/not-yet-commons-ssl-0.3.11.jar
7f4aa0015000-7f4aa0031000 r--s 0015a000 08:02 17443085                   /usr/local/tomcat/webapps/sanfelipepreprod/WEB-INF/lib/jaxws-rt.jar
7f4aa0031000-7f4aa0037000 r--s 00036000 08:02 17443028                   /usr/local/tomcat/webapps/sanfelipepreprod/WEB-INF/lib/commons-betwixt-0.8.jar
7f4aa0037000-7f4aa003d000 r--s 00067000 08:02 17443113                   /usr/local/tomcat/webapps/sanfelipepreprod/WEB-INF/lib/quartz-1.6.2.jar
7f4aa003d000-7f4aa003f000 r--s 00006000 08:02 17443022                   /usr/local/tomcat/webapps/sanfelipepreprod/WEB-INF/lib/cal10n-api-0.7.7.jar
7f4aa003f000-7f4aa0044000 r--s 0002a000 08:02 17443048                   /usr/local/tomcat/webapps/sanfelipepreprod/WEB-INF/lib/gson-2.2.4.jar
7f4aa0044000-7f4aa0054000 r--s 0013f000 08:02 17443095                   /usr/local/tomcat/webapps/sanfelipepreprod/WEB-INF/lib/jfreechart-1.0.12.jar
7f4aa0054000-7f4aa005a000 r--s 00059000 08:02 17443090                   /usr/local/tomcat/webapps/sanfelipepreprod/WEB-INF/lib/jcifs-1.3.0.jar
7f4aa005a000-7f4aa0093000 r--s 00329000 08:02 17443045                   /usr/local/tomcat/webapps/sanfelipepreprod/WEB-INF/lib/fop-1.1.jar
7f4aa0093000-7f4aa009a000 r--s 00043000 08:02 17443021                   /usr/local/tomcat/webapps/sanfelipepreprod/WEB-INF/lib/biweekly-0.3.0.jar
7f4aa009a000-7f4aa00a4000 r--s 00080000 08:02 17443007                   /usr/local/tomcat/webapps/sanfelipepreprod/WEB-INF/lib/batik-bridge.jar
7f4aa00a4000-7f4aa00ba000 r--s 001ef000 08:02 17443057                   /usr/local/tomcat/webapps/sanfelipepreprod/WEB-INF/lib/itextpdf-5.5.0.jar
7f4aa00ba000-7f4aa00f5000 r--s 002cc000 08:02 17443080                   /usr/local/tomcat/webapps/sanfelipepreprod/WEB-INF/lib/jaxb-xjc.jar
7f4aa00f5000-7f4aa00f8000 ---p 00000000 00:00 0 
7f4aa00f8000-7f4aa03f6000 rw-p 00000000 00:00 0 
7f4aa03f6000-7f4aa03f9000 ---p 00000000 00:00 0 
7f4aa03f9000-7f4aa04f7000 rw-p 00000000 00:00 0 
7f4aa04f7000-7f4aa04fa000 ---p 00000000 00:00 0 
7f4aa04fa000-7f4aa05f8000 rw-p 00000000 00:00 0 
7f4aa05f8000-7f4aa05fb000 ---p 00000000 00:00 0 
7f4aa05fb000-7f4aa06f9000 rw-p 00000000 00:00 0 
7f4aa06f9000-7f4aa06fc000 ---p 00000000 00:00 0 
7f4aa06fc000-7f4aa07fa000 rw-p 00000000 00:00 0 
7f4aa07fa000-7f4aa07fd000 ---p 00000000 00:00 0 
7f4aa07fd000-7f4aa08fb000 rw-p 00000000 00:00 0 
7f4aa08fb000-7f4aa08fe000 ---p 00000000 00:00 0 
7f4aa08fe000-7f4aa09fc000 rw-p 00000000 00:00 0 
7f4aa09fc000-7f4aa09ff000 ---p 00000000 00:00 0 
7f4aa09ff000-7f4aa0afd000 rw-p 00000000 00:00 0 
7f4aa0afd000-7f4aa0b00000 ---p 00000000 00:00 0 
7f4aa0b00000-7f4aa0bfe000 rw-p 00000000 00:00 0 
7f4aa0bfe000-7f4aa0c01000 ---p 00000000 00:00 0 
7f4aa0c01000-7f4aa0cff000 rw-p 00000000 00:00 0 
7f4aa0cff000-7f4aa0d02000 ---p 00000000 00:00 0 
7f4aa0d02000-7f4aa1000000 rw-p 00000000 00:00 0 
7f4aa1000000-7f4aa1200000 rw-p 00000000 00:00 0 
7f4aa1200000-7f4aa1400000 rw-p 00000000 00:00 0 
7f4aa1400000-7f4aa1600000 rw-p 00000000 00:00 0 
7f4aa1600000-7f4aa1800000 rw-p 00000000 00:00 0 
7f4aa1800000-7f4aa1a00000 rw-p 00000000 00:00 0 
7f4aa1a00000-7f4aa1c00000 rw-p 00000000 00:00 0 
7f4aa1c00000-7f4aa1e00000 rw-p 00000000 00:00 0 
7f4aa1e00000-7f4aa2000000 rw-p 00000000 00:00 0 
7f4aa2000000-7f4aa2200000 rw-p 00000000 00:00 0 
7f4aa2200000-7f4aa2400000 rw-p 00000000 00:00 0 
7f4aa2400000-7f4aa2600000 rw-p 00000000 00:00 0 
7f4aa2600000-7f4aa27fe000 rw-p 00000000 00:00 0 
7f4aa27fe000-7f4aa2800000 ---p 00000000 00:00 0 
7f4aa2800000-7f4aa2a00000 rw-p 00000000 00:00 0 
7f4aa2a00000-7f4aa2c00000 rw-p 00000000 00:00 0 
7f4aa2c00000-7f4aa2e00000 rw-p 00000000 00:00 0 
7f4aa2e00000-7f4aa3000000 rw-p 00000000 00:00 0 
7f4aa3000000-7f4aa3200000 rw-p 00000000 00:00 0 
7f4aa3200000-7f4aa3400000 rw-p 00000000 00:00 0 
7f4aa3400000-7f4aa3600000 rw-p 00000000 00:00 0 
7f4aa3600000-7f4aa3800000 rw-p 00000000 00:00 0 
7f4aa3800000-7f4aa3a00000 rw-p 00000000 00:00 0 
7f4aa3a00000-7f4aa3c00000 rw-p 00000000 00:00 0 
7f4aa3c00000-7f4aa3e00000 rw-p 00000000 00:00 0 
7f4aa3e00000-7f4aa4000000 rw-p 00000000 00:00 0 
7f4aa4000000-7f4aa4021000 rw-p 00000000 00:00 0 
7f4aa4021000-7f4aa8000000 ---p 00000000 00:00 0 
7f4aa8000000-7f4aa8001000 r--s 00001000 08:02 17443041                   /usr/local/tomcat/webapps/sanfelipepreprod/WEB-INF/lib/dbmanager.jar
7f4aa8001000-7f4aa8002000 r--s 00002000 08:02 17443010                   /usr/local/tomcat/webapps/sanfelipepreprod/WEB-INF/lib/batik-ext.jar
7f4aa8002000-7f4aa8004000 r--s 0000e000 08:02 17443038                   /usr/local/tomcat/webapps/sanfelipepreprod/WEB-INF/lib/commons-logging-1.2.jar
7f4aa8004000-7f4aa8005000 r--s 00009000 08:02 17442835                   /usr/local/tomcat/webapps/sanfelipepreprod/WEB-INF/lib/MITyCLibTSA-1.0.5.jar
7f4aa8005000-7f4aa8006000 r--s 00006000 08:02 17443020                   /usr/local/tomcat/webapps/sanfelipepreprod/WEB-INF/lib/bctsp-jdk15-1.43.jar
7f4aa8006000-7f4aa8007000 r--s 00006000 08:02 17443124                   /usr/local/tomcat/webapps/sanfelipepreprod/WEB-INF/lib/tomcat-juli.jar
7f4aa8007000-7f4aa8009000 r--s 0000d000 08:02 17443037                   /usr/local/tomcat/webapps/sanfelipepreprod/WEB-INF/lib/commons-logging-1.1.jar
7f4aa8009000-7f4aa800b000 r--s 0000d000 08:02 17443034                   /usr/local/tomcat/webapps/sanfelipepreprod/WEB-INF/lib/commons-fileupload-1.2.2.jar
7f4aa800b000-7f4aa800d000 r--s 00004000 08:02 17443047                   /usr/local/tomcat/webapps/sanfelipepreprod/WEB-INF/lib/gmbal-api-only.jar
7f4aa800d000-7f4aa800f000 r--s 0001c000 08:02 17442831                   /usr/local/tomcat/webapps/sanfelipepreprod/WEB-INF/lib/MITyCLibCert-1.0.4-mscapi5.jar
7f4aa800f000-7f4aa8011000 r--s 00000000 08:02 17443087                   /usr/local/tomcat/webapps/sanfelipepreprod/WEB-INF/lib/jboss-interceptor-api-3.1.0-CR3.jar
7f4aa8011000-7f4aa801b000 r--s 000ae000 08:02 17443071                   /usr/local/tomcat/webapps/sanfelipepreprod/WEB-INF/lib/javassist-3.20.0-GA.jar
7f4aa801b000-7f4aa8020000 r--s 00014000 08:02 17443051                   /usr/local/tomcat/webapps/sanfelipepreprod/WEB-INF/lib/hibernate-jpa-2.0-api-1.0.0.Final.jar
7f4aa8020000-7f4aa8024000 r--s 00023000 08:02 17443111                   /usr/local/tomcat/webapps/sanfelipepreprod/WEB-INF/lib/policy-2.3.1.jar
7f4aa8024000-7f4aa8025000 r--s 00002000 08:02 17443116                   /usr/local/tomcat/webapps/sanfelipepreprod/WEB-INF/lib/slf4j-log4j12-1.6.1.jar
7f4aa8025000-7f4aa8027000 r--s 00001000 08:02 17442840                   /usr/local/tomcat/webapps/sanfelipepreprod/WEB-INF/lib/ant-apache-log4j-1.9.2.jar
7f4aa8027000-7f4aa802a000 r--s 0000e000 08:02 17443119                   /usr/local/tomcat/webapps/sanfelipepreprod/WEB-INF/lib/streambuffer-1.5.3.jar
7f4aa802a000-7f4aa8035000 r--s 0005f000 08:02 17443135                   /usr/local/tomcat/webapps/sanfelipepreprod/WEB-INF/lib/xstream-1.3.1.jar
7f4aa8035000-7f4aa803a000 r--s 00289000 08:02 17442832                   /usr/local/tomcat/webapps/sanfelipepreprod/WEB-INF/lib/MITyCLibCert-1.0.5.jar
7f4aa803a000-7f4aa803c000 r--s 00004000 08:02 17443126                   /usr/local/tomcat/webapps/sanfelipepreprod/WEB-INF/lib/weld-api.jar
7f4aa803c000-7f4aa803f000 r--s 00023000 08:02 17443092                   /usr/local/tomcat/webapps/sanfelipepreprod/WEB-INF/lib/jdom.jar
7f4aa803f000-7f4aa8044000 r--s 00033000 08:02 17443018                   /usr/local/tomcat/webapps/sanfelipepreprod/WEB-INF/lib/bcmail-jdk15-1.43.jar
7f4aa8044000-7f4aa8048000 r--s 0003d000 08:02 17443108                   /usr/local/tomcat/webapps/sanfelipepreprod/WEB-INF/lib/openbravo-core.jar
7f4aa8048000-7f4aa804c000 r--s 0004b000 08:02 17443065                   /usr/local/tomcat/webapps/sanfelipepreprod/WEB-INF/lib/jackson-core-2.9.4.jar
7f4aa804c000-7f4aa8051000 r--s 00034000 08:02 17443027                   /usr/local/tomcat/webapps/sanfelipepreprod/WEB-INF/lib/commons-beanutils-1.8.3.jar
7f4aa8051000-7f4aa8054000 r--s 00011000 08:02 17443072                   /usr/local/tomcat/webapps/sanfelipepreprod/WEB-INF/lib/javax.activation-1.2.0.jar
7f4aa8054000-7f4aa805c000 r--s 00063000 08:02 17442842                   /usr/local/tomcat/webapps/sanfelipepreprod/WEB-INF/lib/ant-nodeps.jar
7f4aa805c000-7f4aa8060000 r--s 00020000 08:02 17443032                   /usr/local/tomcat/webapps/sanfelipepreprod/WEB-INF/lib/commons-digester-1.8.1.jar
7f4aa8060000-7f4aa8072000 r--s 001fc000 08:02 17443107                   /usr/local/tomcat/webapps/sanfelipepreprod/WEB-INF/lib/ojdbc6.jar
7f4aa8072000-7f4aa807f000 r--s 00087000 08:02 17443014                   /usr/local/tomcat/webapps/sanfelipepreprod/WEB-INF/lib/batik-svg-dom.jar
7f4aa807f000-7f4aa8086000 r--s 00072000 08:02 17443102                   /usr/local/tomcat/webapps/sanfelipepreprod/WEB-INF/lib/mail-1.4.4.jar
7f4aa8086000-7f4aa8098000 r--s 000ce000 08:02 17443127                   /usr/local/tomcat/webapps/sanfelipepreprod/WEB-INF/lib/weld-core-1.1.24.Final.jar
7f4aa8098000-7f4aa80a1000 r--s 000aa000 08:02 17443042                   /usr/local/tomcat/webapps/sanfelipepreprod/WEB-INF/lib/dbsourcemanager.jar
7f4aa80a1000-7f4aa80ad000 r--s 000ee000 08:02 17443097                   /usr/local/tomcat/webapps/sanfelipepreprod/WEB-INF/lib/jslint4java-1.4.7.jar
7f4aa80ad000-7f4aa80b1000 r--p 00000000 00:2f 3946080                    /lib/x86_64-linux-gnu/libresolv-2.31.so
7f4aa80b1000-7f4aa80bf000 r-xp 00004000 00:2f 3946080                    /lib/x86_64-linux-gnu/libresolv-2.31.so
7f4aa80bf000-7f4aa80c2000 r--p 00012000 00:2f 3946080                    /lib/x86_64-linux-gnu/libresolv-2.31.so
7f4aa80c2000-7f4aa80c3000 ---p 00015000 00:2f 3946080                    /lib/x86_64-linux-gnu/libresolv-2.31.so
7f4aa80c3000-7f4aa80c4000 r--p 00015000 00:2f 3946080                    /lib/x86_64-linux-gnu/libresolv-2.31.so
7f4aa80c4000-7f4aa80c5000 rw-p 00016000 00:2f 3946080                    /lib/x86_64-linux-gnu/libresolv-2.31.so
7f4aa80c5000-7f4aa80c7000 rw-p 00000000 00:00 0 
7f4aa80c7000-7f4aa80c8000 r--p 00000000 00:2f 3946063                    /lib/x86_64-linux-gnu/libnss_dns-2.31.so
7f4aa80c8000-7f4aa80cc000 r-xp 00001000 00:2f 3946063                    /lib/x86_64-linux-gnu/libnss_dns-2.31.so
7f4aa80cc000-7f4aa80cd000 r--p 00005000 00:2f 3946063                    /lib/x86_64-linux-gnu/libnss_dns-2.31.so
7f4aa80cd000-7f4aa80ce000 r--p 00005000 00:2f 3946063                    /lib/x86_64-linux-gnu/libnss_dns-2.31.so
7f4aa80ce000-7f4aa80cf000 rw-p 00006000 00:2f 3946063                    /lib/x86_64-linux-gnu/libnss_dns-2.31.so
7f4aa80cf000-7f4aa80d0000 r--s 00003000 08:02 17443109                   /usr/local/tomcat/webapps/sanfelipepreprod/WEB-INF/lib/opencsv-2.3.jar
7f4aa80d0000-7f4aa80d2000 r--s 0000b000 08:02 17442833                   /usr/local/tomcat/webapps/sanfelipepreprod/WEB-INF/lib/MITyCLibOCSP-1.0.5.jar
7f4aa80d2000-7f4aa80d3000 r--s 00001000 08:02 17443089                   /usr/local/tomcat/webapps/sanfelipepreprod/WEB-INF/lib/jboss-interceptor-spi-2.0.0.CR1.jar
7f4aa80d3000-7f4aa80d6000 ---p 00000000 00:00 0 
7f4aa80d6000-7f4aa83d4000 rw-p 00000000 00:00 0 
7f4aa83d4000-7f4aa85d4000 rw-p 00000000 00:00 0 
7f4aa85d4000-7f4aa87d4000 rw-p 00000000 00:00 0 
7f4aa87d4000-7f4aa89d4000 rw-p 00000000 00:00 0 
7f4aa89d4000-7f4aa8bd4000 rw-p 00000000 00:00 0 
7f4aa8bd4000-7f4aa8dd4000 rw-p 00000000 00:00 0 
7f4aa8dd4000-7f4aa8fd4000 rw-p 00000000 00:00 0 
7f4aa8fd4000-7f4aa91d4000 rw-p 00000000 00:00 0 
7f4aa91d4000-7f4aa93d4000 rw-p 00000000 00:00 0 
7f4aa93d4000-7f4aa95d4000 rw-p 00000000 00:00 0 
7f4aa95d4000-7f4aa97d4000 rw-p 00000000 00:00 0 
7f4aa97d4000-7f4aa99d4000 rw-p 00000000 00:00 0 
7f4aa99d4000-7f4aa9bd4000 rw-p 00000000 00:00 0 
7f4aa9bd4000-7f4aa9dd4000 rw-p 00000000 00:00 0 
7f4aa9dd4000-7f4aa9fd4000 rw-p 00000000 00:00 0 
7f4aa9fd4000-7f4aaa1d4000 rw-p 00000000 00:00 0 
7f4aaa1d4000-7f4aaa3d4000 rw-p 00000000 00:00 0 
7f4aaa3d4000-7f4aaa5d4000 rw-p 00000000 00:00 0 
7f4aaa5d4000-7f4aaa7d4000 rw-p 00000000 00:00 0 
7f4aaa7d4000-7f4aaa9d4000 rw-p 00000000 00:00 0 
7f4aaa9d4000-7f4aaabd4000 rw-p 00000000 00:00 0 
7f4aaabd4000-7f4aaadd4000 rw-p 00000000 00:00 0 
7f4aaadd4000-7f4aaafd4000 rw-p 00000000 00:00 0 
7f4aaafd4000-7f4aab1d4000 rw-p 00000000 00:00 0 
7f4aab1d4000-7f4aab1e6000 r--s 0034c000 00:2f 3961866                    /usr/local/openjdk-8/jre/lib/resources.jar
7f4aab1e6000-7f4aab1e8000 r--s 0000e000 08:02 17443067                   /usr/local/tomcat/webapps/sanfelipepreprod/WEB-INF/lib/jakarta-oro-2.0.8.jar
7f4aab1e8000-7f4aab1eb000 r--s 0001f000 08:02 17443123                   /usr/local/tomcat/webapps/sanfelipepreprod/WEB-INF/lib/tomcat-jdbc.jar
7f4aab1eb000-7f4aab1ed000 r--s 00006000 08:02 17442834                   /usr/local/tomcat/webapps/sanfelipepreprod/WEB-INF/lib/MITyCLibPolicy-1.0.5.jar
7f4aab1ed000-7f4aab1f0000 r--s 0000b000 08:02 17443083                   /usr/local/tomcat/webapps/sanfelipepreprod/WEB-INF/lib/jaxws-api.jar
7f4aab1f0000-7f4aab1fa000 r--s 00089000 08:02 17443133                   /usr/local/tomcat/webapps/sanfelipepreprod/WEB-INF/lib/xmlgraphics-commons-1.5.jar
7f4aab1fa000-7f4aab1ff000 r--s 00041000 08:02 17443036                   /usr/local/tomcat/webapps/sanfelipepreprod/WEB-INF/lib/commons-lang-2.6.jar
7f4aab1ff000-7f4aab213000 r--s 00173000 08:02 17442999                   /usr/local/tomcat/webapps/sanfelipepreprod/WEB-INF/lib/axis.jar
7f4aab213000-7f4aab215000 r--s 00018000 08:02 17443104                   /usr/local/tomcat/webapps/sanfelipepreprod/WEB-INF/lib/nekohtml.jar
7f4aab215000-7f4aab227000 r--s 00223000 08:02 17443093                   /usr/local/tomcat/webapps/sanfelipepreprod/WEB-INF/lib/jdt-compiler-4.4.2.jar
7f4aab227000-7f4aab22d000 r--s 0006e000 08:02 17443131                   /usr/local/tomcat/webapps/sanfelipepreprod/WEB-INF/lib/wstx-asl-3.0.2.jar
7f4aab22d000-7f4aab230000 r--s 00006000 08:02 17443044                   /usr/local/tomcat/webapps/sanfelipepreprod/WEB-INF/lib/ejb-api-3.0.jar
7f4aab230000-7f4aab234000 r--s 0000a000 08:02 17443129                   /usr/local/tomcat/webapps/sanfelipepreprod/WEB-INF/lib/weld-spi.jar
7f4aab234000-7f4aab236000 r--s 00005000 08:02 17443073                   /usr/local/tomcat/webapps/sanfelipepreprod/WEB-INF/lib/javax.annotation-api-1.2.jar
7f4aab236000-7f4aab23a000 r--s 00023000 08:02 17442836                   /usr/local/tomcat/webapps/sanfelipepreprod/WEB-INF/lib/MITyCLibTrustInternal-1.1.0.jar
7f4aab23a000-7f4aab241000 r--s 0005c000 08:02 17443006                   /usr/local/tomcat/webapps/sanfelipepreprod/WEB-INF/lib/batik-awt-util.jar
7f4aab241000-7f4aab24c000 r--s 0008d000 08:02 17443134                   /usr/local/tomcat/webapps/sanfelipepreprod/WEB-INF/lib/xmlsec-1.4.2-ADSI-1.0.jar
7f4aab24c000-7f4aab25c000 r--s 000c8000 08:02 17443046                   /usr/local/tomcat/webapps/sanfelipepreprod/WEB-INF/lib/freemarker-2.3.16.jar
7f4aab25c000-7f4aab261000 r--s 00048000 08:02 17443043                   /usr/local/tomcat/webapps/sanfelipepreprod/WEB-INF/lib/dom4j-1.6.1.jar
7f4aab261000-7f4aab28c000 r--s 001fc000 08:02 17443049                   /usr/local/tomcat/webapps/sanfelipepreprod/WEB-INF/lib/guava-18.0.jar
7f4aab28c000-7f4aab28e000 r--s 0000e000 08:02 17443025                   /usr/local/tomcat/webapps/sanfelipepreprod/WEB-INF/lib/cliente-file-ws.jar
7f4aab28e000-7f4aab2ac000 r--s 001cb000 08:02 17442839                   /usr/local/tomcat/webapps/sanfelipepreprod/WEB-INF/lib/ant-1.9.2.jar
7f4aab2ac000-7f4aab2ae000 r--s 0025c000 08:02 17443069                   /usr/local/tomcat/webapps/sanfelipepreprod/WEB-INF/lib/jasperreports-fonts-6.0.0.jar
7f4aab2ae000-7f4aab2b1000 ---p 00000000 00:00 0 
7f4aab2b1000-7f4aab3af000 rw-p 00000000 00:00 0 
7f4aab3af000-7f4aab3b2000 ---p 00000000 00:00 0 
7f4aab3b2000-7f4aab4b0000 rw-p 00000000 00:00 0 
7f4aab4b0000-7f4aab4b3000 ---p 00000000 00:00 0 
7f4aab4b3000-7f4aab5b1000 rw-p 00000000 00:00 0 
7f4aab5b1000-7f4aab5b4000 ---p 00000000 00:00 0 
7f4aab5b4000-7f4aab8b2000 rw-p 00000000 00:00 0 
7f4aab8b2000-7f4aab8b5000 ---p 00000000 00:00 0 
7f4aab8b5000-7f4aab9b3000 rw-p 00000000 00:00 0 
7f4aab9b3000-7f4aab9b6000 ---p 00000000 00:00 0 
7f4aab9b6000-7f4aabab4000 rw-p 00000000 00:00 0 
7f4aabab4000-7f4aabae7000 r-xp 00000000 00:2f 3961804                    /usr/local/openjdk-8/jre/lib/amd64/libsunec.so
7f4aabae7000-7f4aabce7000 ---p 00033000 00:2f 3961804                    /usr/local/openjdk-8/jre/lib/amd64/libsunec.so
7f4aabce7000-7f4aabcec000 r--p 00033000 00:2f 3961804                    /usr/local/openjdk-8/jre/lib/amd64/libsunec.so
7f4aabcec000-7f4aabcee000 rw-p 00038000 00:2f 3961804                    /usr/local/openjdk-8/jre/lib/amd64/libsunec.so
7f4aabcee000-7f4aabcff000 rw-p 00000000 00:00 0 
7f4aabcff000-7f4aabd02000 ---p 00000000 00:00 0 
7f4aabd02000-7f4aac000000 rw-p 00000000 00:00 0 
7f4aac000000-7f4aac021000 rw-p 00000000 00:00 0 
7f4aac021000-7f4ab0000000 ---p 00000000 00:00 0 
7f4ab0000000-7f4ab0001000 r--s 00004000 08:02 17442841                   /usr/local/tomcat/webapps/sanfelipepreprod/WEB-INF/lib/ant-launcher-1.9.2.jar
7f4ab0001000-7f4ab0014000 r--s 00136000 08:02 17443066                   /usr/local/tomcat/webapps/sanfelipepreprod/WEB-INF/lib/jackson-databind-2.9.4.jar
7f4ab0014000-7f4ab001b000 r--s 0004b000 08:02 17443029                   /usr/local/tomcat/webapps/sanfelipepreprod/WEB-INF/lib/commons-codec-1.11.jar
7f4ab001b000-7f4ab0036000 r--s 00150000 08:02 17443084                   /usr/local/tomcat/webapps/sanfelipepreprod/WEB-INF/lib/jaxws-rt-2.2.1.jar
7f4ab0036000-7f4ab003c000 r--s 0003e000 00:2f 3961832                    /usr/local/openjdk-8/jre/lib/ext/sunjce_provider.jar
7f4ab003c000-7f4ab003f000 r--p 00000000 00:2f 3946047                    /lib/x86_64-linux-gnu/libgcc_s.so.1
7f4ab003f000-7f4ab0050000 r-xp 00003000 00:2f 3946047                    /lib/x86_64-linux-gnu/libgcc_s.so.1
7f4ab0050000-7f4ab0054000 r--p 00014000 00:2f 3946047                    /lib/x86_64-linux-gnu/libgcc_s.so.1
7f4ab0054000-7f4ab0055000 r--p 00017000 00:2f 3946047                    /lib/x86_64-linux-gnu/libgcc_s.so.1
7f4ab0055000-7f4ab0056000 rw-p 00018000 00:2f 3946047                    /lib/x86_64-linux-gnu/libgcc_s.so.1
7f4ab0056000-7f4ab0057000 r--s 00002000 08:02 17443118                   /usr/local/tomcat/webapps/sanfelipepreprod/WEB-INF/lib/stax-ex-1.2.jar
7f4ab0057000-7f4ab005a000 r--s 0000f000 08:02 17442996                   /usr/local/tomcat/webapps/sanfelipepreprod/WEB-INF/lib/avalon-framework-4.1.5.jar
7f4ab005a000-7f4ab005c000 r--s 00008000 00:2f 3961831                    /usr/local/openjdk-8/jre/lib/ext/sunec.jar
7f4ab005c000-7f4ab005e000 r--s 00016000 00:2f 3961847                    /usr/local/openjdk-8/jre/lib/jce.jar
7f4ab005e000-7f4ab006f000 r--s 001c5000 00:2f 3961853                    /usr/local/openjdk-8/jre/lib/jsse.jar
7f4ab006f000-7f4ab008b000 r--s 00393000 00:2f 3961825                    /usr/local/openjdk-8/jre/lib/ext/cldrdata.jar
7f4ab008b000-7f4ab0095000 r--s 00117000 00:2f 3961828                    /usr/local/openjdk-8/jre/lib/ext/localedata.jar
7f4ab0095000-7f4ab0097000 rw-p 00000000 00:00 0 
7f4ab0097000-7f4ab0099000 r--p 00000000 00:2f 3946821                    /usr/lib/x86_64-linux-gnu/libuuid.so.1.3.0
7f4ab0099000-7f4ab009d000 r-xp 00002000 00:2f 3946821                    /usr/lib/x86_64-linux-gnu/libuuid.so.1.3.0
7f4ab009d000-7f4ab009e000 r--p 00006000 00:2f 3946821                    /usr/lib/x86_64-linux-gnu/libuuid.so.1.3.0
7f4ab009e000-7f4ab009f000 r--p 00006000 00:2f 3946821                    /usr/lib/x86_64-linux-gnu/libuuid.so.1.3.0
7f4ab009f000-7f4ab00a0000 rw-p 00007000 00:2f 3946821                    /usr/lib/x86_64-linux-gnu/libuuid.so.1.3.0
7f4ab00a0000-7f4ab00ad000 r--p 00000000 00:2f 3957066                    /usr/lib/x86_64-linux-gnu/libapr-1.so.0.7.0
7f4ab00ad000-7f4ab00cf000 r-xp 0000d000 00:2f 3957066                    /usr/lib/x86_64-linux-gnu/libapr-1.so.0.7.0
7f4ab00cf000-7f4ab00da000 r--p 0002f000 00:2f 3957066                    /usr/lib/x86_64-linux-gnu/libapr-1.so.0.7.0
7f4ab00da000-7f4ab00db000 ---p 0003a000 00:2f 3957066                    /usr/lib/x86_64-linux-gnu/libapr-1.so.0.7.0
7f4ab00db000-7f4ab00dc000 r--p 0003a000 00:2f 3957066                    /usr/lib/x86_64-linux-gnu/libapr-1.so.0.7.0
7f4ab00dc000-7f4ab00dd000 rw-p 0003b000 00:2f 3957066                    /usr/lib/x86_64-linux-gnu/libapr-1.so.0.7.0
7f4ab00dd000-7f4ab0163000 r--p 00000000 00:2f 3946764                    /usr/lib/x86_64-linux-gnu/libcrypto.so.1.1
7f4ab0163000-7f4ab030a000 r-xp 00086000 00:2f 3946764                    /usr/lib/x86_64-linux-gnu/libcrypto.so.1.1
7f4ab030a000-7f4ab039b000 r--p 0022d000 00:2f 3946764                    /usr/lib/x86_64-linux-gnu/libcrypto.so.1.1
7f4ab039b000-7f4ab03cb000 r--p 002bd000 00:2f 3946764                    /usr/lib/x86_64-linux-gnu/libcrypto.so.1.1
7f4ab03cb000-7f4ab03cd000 rw-p 002ed000 00:2f 3946764                    /usr/lib/x86_64-linux-gnu/libcrypto.so.1.1
7f4ab03cd000-7f4ab03d1000 rw-p 00000000 00:00 0 
7f4ab03d1000-7f4ab03ee000 r--p 00000000 00:2f 3946807                    /usr/lib/x86_64-linux-gnu/libssl.so.1.1
7f4ab03ee000-7f4ab043c000 r-xp 0001d000 00:2f 3946807                    /usr/lib/x86_64-linux-gnu/libssl.so.1.1
7f4ab043c000-7f4ab0456000 r--p 0006b000 00:2f 3946807                    /usr/lib/x86_64-linux-gnu/libssl.so.1.1
7f4ab0456000-7f4ab0457000 ---p 00085000 00:2f 3946807                    /usr/lib/x86_64-linux-gnu/libssl.so.1.1
7f4ab0457000-7f4ab0460000 r--p 00085000 00:2f 3946807                    /usr/lib/x86_64-linux-gnu/libssl.so.1.1
7f4ab0460000-7f4ab0464000 rw-p 0008e000 00:2f 3946807                    /usr/lib/x86_64-linux-gnu/libssl.so.1.1
7f4ab0464000-7f4ab0468000 rw-p 00000000 00:00 0 
7f4ab0468000-7f4ab0478000 r--p 00000000 00:2f 3962308                    /usr/local/tomcat/native-jni-lib/libtcnative-1.so.0.2.35
7f4ab0478000-7f4ab048c000 r-xp 00010000 00:2f 3962308                    /usr/local/tomcat/native-jni-lib/libtcnative-1.so.0.2.35
7f4ab048c000-7f4ab0494000 r--p 00024000 00:2f 3962308                    /usr/local/tomcat/native-jni-lib/libtcnative-1.so.0.2.35
7f4ab0494000-7f4ab0495000 r--p 0002b000 00:2f 3962308                    /usr/local/tomcat/native-jni-lib/libtcnative-1.so.0.2.35
7f4ab0495000-7f4ab0497000 rw-p 0002c000 00:2f 3962308                    /usr/local/tomcat/native-jni-lib/libtcnative-1.so.0.2.35
7f4ab0497000-7f4ab0697000 rw-p 00000000 00:00 0 
7f4ab0697000-7f4ab06a0000 r-xp 00000000 00:2f 3961796                    /usr/local/openjdk-8/jre/lib/amd64/libmanagement.so
7f4ab06a0000-7f4ab089f000 ---p 00009000 00:2f 3961796                    /usr/local/openjdk-8/jre/lib/amd64/libmanagement.so
7f4ab089f000-7f4ab08a0000 r--p 00008000 00:2f 3961796                    /usr/local/openjdk-8/jre/lib/amd64/libmanagement.so
7f4ab08a0000-7f4ab08a1000 rw-p 00009000 00:2f 3961796                    /usr/local/openjdk-8/jre/lib/amd64/libmanagement.so
7f4ab08a1000-7f4ab08b4000 r--s 00244000 00:2f 3962278                    /usr/local/tomcat/lib/ecj-4.6.3.jar
7f4ab08b4000-7f4ab08b9000 r--s 00036000 00:2f 3962299                    /usr/local/tomcat/lib/tomcat-websocket.jar
7f4ab08b9000-7f4ab08bb000 r--s 0000a000 00:2f 3962293                    /usr/local/tomcat/lib/tomcat-i18n-ru.jar
7f4ab08bb000-7f4ab08bf000 r--s 00026000 00:2f 3962280                    /usr/local/tomcat/lib/jasper-el.jar
7f4ab08bf000-7f4ab08c3000 r--s 00042000 00:2f 3962287                    /usr/local/tomcat/lib/tomcat-dbcp.jar
7f4ab08c3000-7f4ab08c5000 r--s 00014000 00:2f 3962279                    /usr/local/tomcat/lib/el-api.jar
7f4ab08c5000-7f4ab08c7000 r--s 0000c000 00:2f 3962273                    /usr/local/tomcat/lib/catalina-ant.jar
7f4ab08c7000-7f4ab08ca000 r--s 0000d000 00:2f 3962283                    /usr/local/tomcat/lib/jsp-api.jar
7f4ab08ca000-7f4ab08cd000 r--s 0003a000 00:2f 3962284                    /usr/local/tomcat/lib/servlet-api.jar
7f4ab08cd000-7f4ab08d2000 r--s 00028000 00:2f 3962291                    /usr/local/tomcat/lib/tomcat-i18n-ja.jar
7f4ab08d2000-7f4ab08d6000 r--s 00031000 00:2f 3962297                    /usr/local/tomcat/lib/tomcat-util-scan.jar
7f4ab08d6000-7f4ab08da000 r--s 0000f000 00:2f 3962288                    /usr/local/tomcat/lib/tomcat-i18n-de.jar
7f4ab08da000-7f4ab08df000 r--s 00023000 00:2f 3962290                    /usr/local/tomcat/lib/tomcat-i18n-fr.jar
7f4ab08df000-7f4ab08e1000 r--s 00002000 00:2f 3962272                    /usr/local/tomcat/lib/annotations-api.jar
7f4ab08e1000-7f4ab08e3000 r--s 00011000 00:2f 3962275                    /usr/local/tomcat/lib/catalina-storeconfig.jar
7f4ab08e3000-7f4ab08e8000 r--s 00024000 00:2f 3962294                    /usr/local/tomcat/lib/tomcat-i18n-zh-CN.jar
7f4ab08e8000-7f4ab08f0000 r--s 0008c000 00:2f 3962281                    /usr/local/tomcat/lib/jasper.jar
7f4ab08f0000-7f4ab08f2000 r--s 00008000 00:2f 3962300                    /usr/local/tomcat/lib/websocket-api.jar
7f4ab08f2000-7f4ab08f7000 r--s 0002a000 00:2f 3962298                    /usr/local/tomcat/lib/tomcat-util.jar
7f4ab08f7000-7f4ab08fa000 r--s 00022000 00:2f 3962295                    /usr/local/tomcat/lib/tomcat-jdbc.jar
7f4ab08fa000-7f4ab090f000 r--s 00190000 00:2f 3962277                    /usr/local/tomcat/lib/catalina.jar
7f4ab090f000-7f4ab091c000 r--s 000cd000 00:2f 3962286                    /usr/local/tomcat/lib/tomcat-coyote.jar
7f4ab091c000-7f4ab091f000 ---p 00000000 00:00 0 
7f4ab091f000-7f4ab0a4e000 rw-p 00000000 00:00 0 
7f4ab0a4e000-7f4ab0a67000 r-xp 00000000 00:2f 3961798                    /usr/local/openjdk-8/jre/lib/amd64/libnet.so
7f4ab0a67000-7f4ab0c66000 ---p 00019000 00:2f 3961798                    /usr/local/openjdk-8/jre/lib/amd64/libnet.so
7f4ab0c66000-7f4ab0c67000 r--p 00018000 00:2f 3961798                    /usr/local/openjdk-8/jre/lib/amd64/libnet.so
7f4ab0c67000-7f4ab0c68000 rw-p 00019000 00:2f 3961798                    /usr/local/openjdk-8/jre/lib/amd64/libnet.so
7f4ab0c68000-7f4ab0c79000 r-xp 00000000 00:2f 3961799                    /usr/local/openjdk-8/jre/lib/amd64/libnio.so
7f4ab0c79000-7f4ab0e79000 ---p 00011000 00:2f 3961799                    /usr/local/openjdk-8/jre/lib/amd64/libnio.so
7f4ab0e79000-7f4ab0e7a000 r--p 00011000 00:2f 3961799                    /usr/local/openjdk-8/jre/lib/amd64/libnio.so
7f4ab0e7a000-7f4ab0e7b000 rw-p 00012000 00:2f 3961799                    /usr/local/openjdk-8/jre/lib/amd64/libnio.so
7f4ab0e7b000-7f4ab0e7c000 ---p 00000000 00:00 0 
7f4ab0e7c000-7f4ab0f7c000 rw-p 00000000 00:00 0 
7f4ab0f7c000-7f4ab0f7f000 ---p 00000000 00:00 0 
7f4ab0f7f000-7f4ab107d000 rw-p 00000000 00:00 0 
7f4ab107d000-7f4ab107e000 ---p 00000000 00:00 0 
7f4ab107e000-7f4ab1081000 ---p 00000000 00:00 0 
7f4ab1081000-7f4ab117e000 rw-p 00000000 00:00 0 
7f4ab117e000-7f4ab117f000 ---p 00000000 00:00 0 
7f4ab117f000-7f4ab1182000 ---p 00000000 00:00 0 
7f4ab1182000-7f4ab127f000 rw-p 00000000 00:00 0 
7f4ab127f000-7f4ab1280000 ---p 00000000 00:00 0 
7f4ab1280000-7f4ab1283000 ---p 00000000 00:00 0 
7f4ab1283000-7f4ab1380000 rw-p 00000000 00:00 0 
7f4ab1380000-7f4ab1381000 ---p 00000000 00:00 0 
7f4ab1381000-7f4ab1384000 ---p 00000000 00:00 0 
7f4ab1384000-7f4ab1481000 rw-p 00000000 00:00 0 
7f4ab1481000-7f4ab1484000 ---p 00000000 00:00 0 
7f4ab1484000-7f4ab1582000 rw-p 00000000 00:00 0 
7f4ab1582000-7f4ab15d7000 r--p 00000000 00:2f 3946462                    /usr/lib/locale/C.UTF-8/LC_CTYPE
7f4ab15d7000-7f4ab174a000 r--p 00000000 00:2f 3946461                    /usr/lib/locale/C.UTF-8/LC_COLLATE
7f4ab174a000-7f4ab174d000 ---p 00000000 00:00 0 
7f4ab174d000-7f4ab184b000 rw-p 00000000 00:00 0 
7f4ab184b000-7f4ab184e000 ---p 00000000 00:00 0 
7f4ab184e000-7f4ab194c000 rw-p 00000000 00:00 0 
7f4ab194c000-7f4ab194d000 ---p 00000000 00:00 0 
7f4ab194d000-7f4ab362e000 rw-p 00000000 00:00 0 
7f4ab362e000-7f4ab3800000 r--s 03cba000 00:2f 3961867                    /usr/local/openjdk-8/jre/lib/rt.jar
7f4ab3800000-7f4ab4000000 rw-p 00000000 00:00 0 
7f4ab4000000-7f4ab4021000 rw-p 00000000 00:00 0 
7f4ab4021000-7f4ab8000000 ---p 00000000 00:00 0 
7f4ab8000000-7f4ab8001000 r--s 00005000 08:02 17443125                   /usr/local/tomcat/webapps/sanfelipepreprod/WEB-INF/lib/userRoutines.jar
7f4ab8001000-7f4ab8005000 r--s 00016000 00:2f 3962289                    /usr/local/tomcat/lib/tomcat-i18n-es.jar
7f4ab8005000-7f4ab800a000 r--s 00043000 00:2f 3962276                    /usr/local/tomcat/lib/catalina-tribes.jar
7f4ab800a000-7f4ab800e000 r--s 00028000 00:2f 3962292                    /usr/local/tomcat/lib/tomcat-i18n-ko.jar
7f4ab800e000-7f4ab8010000 r--s 0001c000 00:2f 3962274                    /usr/local/tomcat/lib/catalina-ha.jar
7f4ab8010000-7f4ab8713000 rw-p 00000000 00:00 0 
7f4ab8713000-7f4ab8714000 ---p 00000000 00:00 0 
7f4ab8714000-7f4ab8814000 rw-p 00000000 00:00 0 
7f4ab8814000-7f4ab8815000 ---p 00000000 00:00 0 
7f4ab8815000-7f4ab8915000 rw-p 00000000 00:00 0 
7f4ab8915000-7f4ab8916000 ---p 00000000 00:00 0 
7f4ab8916000-7f4ab8a16000 rw-p 00000000 00:00 0 
7f4ab8a16000-7f4ab8a17000 ---p 00000000 00:00 0 
7f4ab8a17000-7f4ab8b17000 rw-p 00000000 00:00 0 
7f4ab8b17000-7f4ab8b18000 ---p 00000000 00:00 0 
7f4ab8b18000-7f4ab8e51000 rw-p 00000000 00:00 0 
7f4ab8e51000-7f4ab9000000 ---p 00000000 00:00 0 
7f4ab9000000-7f4abcf40000 rwxp 00000000 00:00 0 
7f4abcf40000-7f4ac8000000 ---p 00000000 00:00 0 
7f4ac8000000-7f4ac865d000 rw-p 00000000 00:00 0 
7f4ac865d000-7f4acc000000 ---p 00000000 00:00 0 
7f4acc000000-7f4acc001000 r--s 00002000 00:2f 3962285                    /usr/local/tomcat/lib/tomcat-api.jar
7f4acc001000-7f4acc003000 r--s 00005000 00:2f 3962282                    /usr/local/tomcat/lib/jaspic-api.jar
7f4acc003000-7f4acc004000 r--s 00008000 00:2f 3962296                    /usr/local/tomcat/lib/tomcat-jni.jar
7f4acc004000-7f4acc006000 r--s 0000b000 00:2f 3962257                    /usr/local/tomcat/bin/tomcat-juli.jar
7f4acc006000-7f4acc008000 r--s 00005000 00:2f 3962250                    /usr/local/tomcat/bin/commons-daemon.jar
7f4acc008000-7f4acc009000 r--s 00008000 00:2f 3962245                    /usr/local/tomcat/bin/bootstrap.jar
7f4acc009000-7f4acc010000 r--s 000d3000 00:2f 3961852                    /usr/local/openjdk-8/jre/lib/jfr.jar
7f4acc010000-7f4acc011000 r--p 00000000 00:2f 3946469                    /usr/lib/locale/C.UTF-8/LC_NUMERIC
7f4acc011000-7f4acc012000 r--p 00000000 00:2f 3946472                    /usr/lib/locale/C.UTF-8/LC_TIME
7f4acc012000-7f4acc013000 r--p 00000000 00:2f 3946467                    /usr/lib/locale/C.UTF-8/LC_MONETARY
7f4acc013000-7f4acc01a000 r--s 00000000 00:2f 3946742                    /usr/lib/x86_64-linux-gnu/gconv/gconv-modules.cache
7f4acc01a000-7f4acc0d8000 rw-p 00000000 00:00 0 
7f4acc0d8000-7f4acc0d9000 ---p 00000000 00:00 0 
7f4acc0d9000-7f4acc1d9000 rw-p 00000000 00:00 0 
7f4acc1d9000-7f4acc1da000 ---p 00000000 00:00 0 
7f4acc1da000-7f4acc2da000 rw-p 00000000 00:00 0 
7f4acc2da000-7f4acc2db000 ---p 00000000 00:00 0 
7f4acc2db000-7f4acc614000 rw-p 00000000 00:00 0 
7f4acc614000-7f4acc7c3000 ---p 00000000 00:00 0 
7f4acc7c3000-7f4acc9b7000 rw-p 00000000 00:00 0 
7f4acc9b7000-7f4accab5000 rw-p 00000000 00:00 0 
7f4accab5000-7f4accd78000 ---p 00000000 00:00 0 
7f4accd78000-7f4accd93000 r-xp 00000000 00:2f 3961807                    /usr/local/openjdk-8/jre/lib/amd64/libzip.so
7f4accd93000-7f4accf92000 ---p 0001b000 00:2f 3961807                    /usr/local/openjdk-8/jre/lib/amd64/libzip.so
7f4accf92000-7f4accf93000 r--p 0001a000 00:2f 3961807                    /usr/local/openjdk-8/jre/lib/amd64/libzip.so
7f4accf93000-7f4accf94000 rw-p 0001b000 00:2f 3961807                    /usr/local/openjdk-8/jre/lib/amd64/libzip.so
7f4accf94000-7f4accf9c000 rw-p 00000000 00:00 0 
7f4accf9c000-7f4accf9f000 r--p 00000000 00:2f 3946065                    /lib/x86_64-linux-gnu/libnss_files-2.31.so
7f4accf9f000-7f4accfa6000 r-xp 00003000 00:2f 3946065                    /lib/x86_64-linux-gnu/libnss_files-2.31.so
7f4accfa6000-7f4accfa8000 r--p 0000a000 00:2f 3946065                    /lib/x86_64-linux-gnu/libnss_files-2.31.so
7f4accfa8000-7f4accfa9000 r--p 0000b000 00:2f 3946065                    /lib/x86_64-linux-gnu/libnss_files-2.31.so
7f4accfa9000-7f4accfaa000 rw-p 0000c000 00:2f 3946065                    /lib/x86_64-linux-gnu/libnss_files-2.31.so
7f4accfaa000-7f4accfb0000 rw-p 00000000 00:00 0 
7f4accfb0000-7f4accfb1000 r--p 00000000 00:2f 3946466                    /usr/lib/locale/C.UTF-8/LC_MESSAGES/SYS_LC_MESSAGES
7f4accfb1000-7f4accfb2000 r--p 00000000 00:2f 3946470                    /usr/lib/locale/C.UTF-8/LC_PAPER
7f4accfb2000-7f4accfb3000 r--p 00000000 00:2f 3946468                    /usr/lib/locale/C.UTF-8/LC_NAME
7f4accfb3000-7f4accfb4000 r--p 00000000 00:2f 3946460                    /usr/lib/locale/C.UTF-8/LC_ADDRESS
7f4accfb4000-7f4accfdc000 r-xp 00000000 00:2f 3961786                    /usr/local/openjdk-8/jre/lib/amd64/libjava.so
7f4accfdc000-7f4acd1db000 ---p 00028000 00:2f 3961786                    /usr/local/openjdk-8/jre/lib/amd64/libjava.so
7f4acd1db000-7f4acd1dc000 r--p 00027000 00:2f 3961786                    /usr/local/openjdk-8/jre/lib/amd64/libjava.so
7f4acd1dc000-7f4acd1de000 rw-p 00028000 00:2f 3961786                    /usr/local/openjdk-8/jre/lib/amd64/libjava.so
7f4acd1de000-7f4acd1ec000 r-xp 00000000 00:2f 3961806                    /usr/local/openjdk-8/jre/lib/amd64/libverify.so
7f4acd1ec000-7f4acd3eb000 ---p 0000e000 00:2f 3961806                    /usr/local/openjdk-8/jre/lib/amd64/libverify.so
7f4acd3eb000-7f4acd3ed000 r--p 0000d000 00:2f 3961806                    /usr/local/openjdk-8/jre/lib/amd64/libverify.so
7f4acd3ed000-7f4acd3ee000 rw-p 0000f000 00:2f 3961806                    /usr/local/openjdk-8/jre/lib/amd64/libverify.so
7f4acd3ee000-7f4acd3f1000 r--p 00000000 00:2f 3946082                    /lib/x86_64-linux-gnu/librt-2.31.so
7f4acd3f1000-7f4acd3f5000 r-xp 00003000 00:2f 3946082                    /lib/x86_64-linux-gnu/librt-2.31.so
7f4acd3f5000-7f4acd3f6000 r--p 00007000 00:2f 3946082                    /lib/x86_64-linux-gnu/librt-2.31.so
7f4acd3f6000-7f4acd3f7000 ---p 00008000 00:2f 3946082                    /lib/x86_64-linux-gnu/librt-2.31.so
7f4acd3f7000-7f4acd3f8000 r--p 00008000 00:2f 3946082                    /lib/x86_64-linux-gnu/librt-2.31.so
7f4acd3f8000-7f4acd3f9000 rw-p 00009000 00:2f 3946082                    /lib/x86_64-linux-gnu/librt-2.31.so
7f4acd3f9000-7f4acd3fa000 ---p 00000000 00:00 0 
7f4acd3fa000-7f4acd3fd000 ---p 00000000 00:00 0 
7f4acd3fd000-7f4acd4fa000 rw-p 00000000 00:00 0 
7f4acd4fa000-7f4acd509000 r--p 00000000 00:2f 3946054                    /lib/x86_64-linux-gnu/libm-2.31.so
7f4acd509000-7f4acd5a3000 r-xp 0000f000 00:2f 3946054                    /lib/x86_64-linux-gnu/libm-2.31.so
7f4acd5a3000-7f4acd63c000 r--p 000a9000 00:2f 3946054                    /lib/x86_64-linux-gnu/libm-2.31.so
7f4acd63c000-7f4acd63d000 r--p 00141000 00:2f 3946054                    /lib/x86_64-linux-gnu/libm-2.31.so
7f4acd63d000-7f4acd63e000 rw-p 00142000 00:2f 3946054                    /lib/x86_64-linux-gnu/libm-2.31.so
7f4acd63e000-7f4ace33d000 r-xp 00000000 00:2f 3961811                    /usr/local/openjdk-8/jre/lib/amd64/server/libjvm.so
7f4ace33d000-7f4ace53c000 ---p 00cff000 00:2f 3961811                    /usr/local/openjdk-8/jre/lib/amd64/server/libjvm.so
7f4ace53c000-7f4ace5e7000 r--p 00cfe000 00:2f 3961811                    /usr/local/openjdk-8/jre/lib/amd64/server/libjvm.so
7f4ace5e7000-7f4ace610000 rw-p 00da9000 00:2f 3961811                    /usr/local/openjdk-8/jre/lib/amd64/server/libjvm.so
7f4ace610000-7f4ace657000 rw-p 00000000 00:00 0 
7f4ace657000-7f4ace67c000 r--p 00000000 00:2f 3946033                    /lib/x86_64-linux-gnu/libc-2.31.so
7f4ace67c000-7f4ace7c7000 r-xp 00025000 00:2f 3946033                    /lib/x86_64-linux-gnu/libc-2.31.so
7f4ace7c7000-7f4ace811000 r--p 00170000 00:2f 3946033                    /lib/x86_64-linux-gnu/libc-2.31.so
7f4ace811000-7f4ace812000 ---p 001ba000 00:2f 3946033                    /lib/x86_64-linux-gnu/libc-2.31.so
7f4ace812000-7f4ace815000 r--p 001ba000 00:2f 3946033                    /lib/x86_64-linux-gnu/libc-2.31.so
7f4ace815000-7f4ace818000 rw-p 001bd000 00:2f 3946033                    /lib/x86_64-linux-gnu/libc-2.31.so
7f4ace818000-7f4ace81c000 rw-p 00000000 00:00 0 
7f4ace81c000-7f4ace81d000 r--p 00000000 00:2f 3946041                    /lib/x86_64-linux-gnu/libdl-2.31.so
7f4ace81d000-7f4ace81f000 r-xp 00001000 00:2f 3946041                    /lib/x86_64-linux-gnu/libdl-2.31.so
7f4ace81f000-7f4ace820000 r--p 00003000 00:2f 3946041                    /lib/x86_64-linux-gnu/libdl-2.31.so
7f4ace820000-7f4ace821000 r--p 00003000 00:2f 3946041                    /lib/x86_64-linux-gnu/libdl-2.31.so
7f4ace821000-7f4ace822000 rw-p 00004000 00:2f 3946041                    /lib/x86_64-linux-gnu/libdl-2.31.so
7f4ace822000-7f4ace838000 r-xp 00000000 00:2f 3961885                    /usr/local/openjdk-8/lib/amd64/jli/libjli.so
7f4ace838000-7f4acea37000 ---p 00016000 00:2f 3961885                    /usr/local/openjdk-8/lib/amd64/jli/libjli.so
7f4acea37000-7f4acea38000 r--p 00015000 00:2f 3961885                    /usr/local/openjdk-8/lib/amd64/jli/libjli.so
7f4acea38000-7f4acea39000 rw-p 00016000 00:2f 3961885                    /usr/local/openjdk-8/lib/amd64/jli/libjli.so
7f4acea39000-7f4acea40000 r--p 00000000 00:2f 3946078                    /lib/x86_64-linux-gnu/libpthread-2.31.so
7f4acea40000-7f4acea50000 r-xp 00007000 00:2f 3946078                    /lib/x86_64-linux-gnu/libpthread-2.31.so
7f4acea50000-7f4acea55000 r--p 00017000 00:2f 3946078                    /lib/x86_64-linux-gnu/libpthread-2.31.so
7f4acea55000-7f4acea56000 r--p 0001b000 00:2f 3946078                    /lib/x86_64-linux-gnu/libpthread-2.31.so
7f4acea56000-7f4acea57000 rw-p 0001c000 00:2f 3946078                    /lib/x86_64-linux-gnu/libpthread-2.31.so
7f4acea57000-7f4acea5b000 rw-p 00000000 00:00 0 
7f4acea5b000-7f4acea5c000 r--p 00000000 00:2f 3946471                    /usr/lib/locale/C.UTF-8/LC_TELEPHONE
7f4acea5c000-7f4acea5d000 r--p 00000000 00:2f 3946464                    /usr/lib/locale/C.UTF-8/LC_MEASUREMENT
7f4acea5d000-7f4acea5e000 r--p 00000000 00:2f 3946463                    /usr/lib/locale/C.UTF-8/LC_IDENTIFICATION
7f4acea5e000-7f4acea61000 rw-p 00000000 00:00 0 
7f4acea61000-7f4acea62000 r--p 00000000 00:2f 3946021                    /lib/x86_64-linux-gnu/ld-2.31.so
7f4acea62000-7f4acea82000 r-xp 00001000 00:2f 3946021                    /lib/x86_64-linux-gnu/ld-2.31.so
7f4acea82000-7f4acea8a000 r--p 00021000 00:2f 3946021                    /lib/x86_64-linux-gnu/ld-2.31.so
7f4acea8a000-7f4acea8b000 ---p 00000000 00:00 0 
7f4acea8b000-7f4acea8c000 r--p 00029000 00:2f 3946021                    /lib/x86_64-linux-gnu/ld-2.31.so
7f4acea8c000-7f4acea8d000 rw-p 0002a000 00:2f 3946021                    /lib/x86_64-linux-gnu/ld-2.31.so
7f4acea8d000-7f4acea8e000 rw-p 00000000 00:00 0 
7ffd30d58000-7ffd30d79000 rw-p 00000000 00:00 0                          [stack]
7ffd30dc3000-7ffd30dc7000 r--p 00000000 00:00 0                          [vvar]
7ffd30dc7000-7ffd30dc9000 r-xp 00000000 00:00 0                          [vdso]
ffffffffff600000-ffffffffff601000 --xp 00000000 00:00 0                  [vsyscall]

VM Arguments:
jvm_args: -Djava.util.logging.config.file=/usr/local/tomcat/conf/logging.properties -Djava.util.logging.manager=org.apache.juli.ClassLoaderLogManager -Djava.awt.headless=true -Djava.security.egd=file:/dev/./urandom -Xms1500M -Xmx3000M -Djdk.tls.ephemeralDHKeySize=2048 -Djava.protocol.handler.pkgs=org.apache.catalina.webresources -Dorg.apache.catalina.security.SecurityListener.UMASK=0027 -Xms1500M -Xmx3000M -Dignore.endorsed.dirs= -Dcatalina.base=/usr/local/tomcat -Dcatalina.home=/usr/local/tomcat -Djava.io.tmpdir=/usr/local/tomcat/temp 
java_command: org.apache.catalina.startup.Bootstrap start
java_class_path (initial): /usr/local/tomcat/bin/bootstrap.jar:/usr/local/tomcat/bin/tomcat-juli.jar
Launcher Type: SUN_STANDARD

Environment Variables:
JAVA_HOME=/usr/local/openjdk-8
PATH=/usr/local/tomcat/bin:/usr/local/openjdk-8/bin:/usr/local/sbin:/usr/local/bin:/usr/sbin:/usr/bin:/sbin:/bin
LD_LIBRARY_PATH=/usr/local/tomcat/native-jni-lib

Signal Handlers:
SIGSEGV: [libjvm.so+0xad9a00], sa_mask[0]=11111111011111111101111111111110, sa_flags=SA_RESTART|SA_SIGINFO
SIGBUS: [libjvm.so+0xad9a00], sa_mask[0]=11111111011111111101111111111110, sa_flags=SA_RESTART|SA_SIGINFO
SIGFPE: [libjvm.so+0x9306d0], sa_mask[0]=11111111011111111101111111111110, sa_flags=SA_RESTART|SA_SIGINFO
SIGPIPE: [libjvm.so+0x9306d0], sa_mask[0]=11111111011111111101111111111110, sa_flags=SA_RESTART|SA_SIGINFO
SIGXFSZ: [libjvm.so+0x9306d0], sa_mask[0]=11111111011111111101111111111110, sa_flags=SA_RESTART|SA_SIGINFO
SIGILL: [libjvm.so+0x9306d0], sa_mask[0]=11111111011111111101111111111110, sa_flags=SA_RESTART|SA_SIGINFO
SIGUSR1: SIG_DFL, sa_mask[0]=00000000000000000000000000000000, sa_flags=none
SIGUSR2: [libjvm.so+0x9342b0], sa_mask[0]=00000000000000000000000000000000, sa_flags=SA_RESTART|SA_SIGINFO
SIGHUP: [libjvm.so+0x933810], sa_mask[0]=11111111011111111101111111111110, sa_flags=SA_RESTART|SA_SIGINFO
SIGINT: [libjvm.so+0x933810], sa_mask[0]=11111111011111111101111111111110, sa_flags=SA_RESTART|SA_SIGINFO
SIGTERM: [libjvm.so+0x933810], sa_mask[0]=11111111011111111101111111111110, sa_flags=SA_RESTART|SA_SIGINFO
SIGQUIT: [libjvm.so+0x933810], sa_mask[0]=11111111011111111101111111111110, sa_flags=SA_RESTART|SA_SIGINFO


---------------  S Y S T E M  ---------------

OS:PRETTY_NAME="Debian GNU/Linux 11 (bullseye)"
NAME="Debian GNU/Linux"
VERSION_ID="11"
VERSION="11 (bullseye)"
VERSION_CODENAME=bullseye
ID=debian
HOME_URL="https://www.debian.org/"
SUPPORT_URL="https://www.debian.org/support"
BUG_REPORT_URL="https://bugs.debian.org/"

uname:Linux 5.15.0-84-generic #93-Ubuntu SMP Tue Sep 5 17:16:10 UTC 2023 x86_64
libc:glibc 2.31 NPTL 2.31 
rlimit: STACK 8192k, CORE infinity, NPROC infinity, NOFILE 1048576, AS infinity
load average:0.77 0.40 0.65

/proc/meminfo:
MemTotal:       17379896 kB
MemFree:          181016 kB
MemAvailable:    6463248 kB
Buffers:          212296 kB
Cached:          8040000 kB
SwapCached:        89468 kB
Active:          5376384 kB
Inactive:       10857876 kB
Active(anon):    3340448 kB
Inactive(anon):  6817348 kB
Active(file):    2035936 kB
Inactive(file):  4040528 kB
Unevictable:       27784 kB
Mlocked:           27784 kB
SwapTotal:       8388604 kB
SwapFree:        7015460 kB
Dirty:               352 kB
Writeback:             0 kB
AnonPages:       7979252 kB
Mapped:          2269568 kB
Shmem:           2166768 kB
KReclaimable:     548652 kB
Slab:             671704 kB
SReclaimable:     548652 kB
SUnreclaim:       123052 kB
KernelStack:       13184 kB
PageTables:        92184 kB
NFS_Unstable:          0 kB
Bounce:                0 kB
WritebackTmp:          0 kB
CommitLimit:    17078552 kB
Committed_AS:   16166412 kB
VmallocTotal:   34359738367 kB
VmallocUsed:       34040 kB
VmallocChunk:          0 kB
Percpu:             5504 kB
HardwareCorrupted:     0 kB
AnonHugePages:         0 kB
ShmemHugePages:        0 kB
ShmemPmdMapped:        0 kB
FileHugePages:         0 kB
FilePmdMapped:         0 kB
HugePages_Total:       0
HugePages_Free:        0
HugePages_Rsvd:        0
HugePages_Surp:        0
Hugepagesize:       2048 kB
Hugetlb:               0 kB
DirectMap4k:      532352 kB
DirectMap2M:    17293312 kB
DirectMap1G:     2097152 kB


CPU:total 8 (initial active 8) (1 cores per cpu, 1 threads per core) family 6 model 60 stepping 3, cmov, cx8, fxsr, mmx, sse, sse2, sse3, ssse3, sse4.1, sse4.2, popcnt, avx, avx2, aes, clmul, erms, lzcnt, tsc, tscinvbit, bmi1, bmi2

/proc/cpuinfo:
processor	: 0
vendor_id	: GenuineIntel
cpu family	: 6
model		: 60
model name	: Intel(R) Core(TM) i7-4790 CPU @ 3.60GHz
stepping	: 3
microcode	: 0x24
cpu MHz		: 3599.997
cache size	: 8192 KB
physical id	: 0
siblings	: 1
core id		: 0
cpu cores	: 1
apicid		: 0
initial apicid	: 0
fpu		: yes
fpu_exception	: yes
cpuid level	: 13
wp		: yes
flags		: fpu vme de pse tsc msr pae mce cx8 apic sep mtrr pge mca cmov pat pse36 clflush dts mmx fxsr sse sse2 ss syscall nx pdpe1gb rdtscp lm constant_tsc arch_perfmon pebs bts nopl xtopology tsc_reliable nonstop_tsc cpuid tsc_known_freq pni pclmulqdq ssse3 fma cx16 pcid sse4_1 sse4_2 x2apic movbe popcnt tsc_deadline_timer aes xsave avx f16c rdrand hypervisor lahf_lm abm cpuid_fault invpcid_single pti ibrs ibpb stibp fsgsbase tsc_adjust bmi1 avx2 smep bmi2 invpcid xsaveopt arat arch_capabilities
bugs		: cpu_meltdown spectre_v1 spectre_v2 spec_store_bypass l1tf mds swapgs itlb_multihit srbds mmio_unknown retbleed
bogomips	: 7199.99
clflush size	: 64
cache_alignment	: 64
address sizes	: 43 bits physical, 48 bits virtual
power management:

processor	: 1
vendor_id	: GenuineIntel
cpu family	: 6
model		: 60
model name	: Intel(R) Core(TM) i7-4790 CPU @ 3.60GHz
stepping	: 3
microcode	: 0x24
cpu MHz		: 3599.997
cache size	: 8192 KB
physical id	: 2
siblings	: 1
core id		: 0
cpu cores	: 1
apicid		: 2
initial apicid	: 2
fpu		: yes
fpu_exception	: yes
cpuid level	: 13
wp		: yes
flags		: fpu vme de pse tsc msr pae mce cx8 apic sep mtrr pge mca cmov pat pse36 clflush dts mmx fxsr sse sse2 ss syscall nx pdpe1gb rdtscp lm constant_tsc arch_perfmon pebs bts nopl xtopology tsc_reliable nonstop_tsc cpuid tsc_known_freq pni pclmulqdq ssse3 fma cx16 pcid sse4_1 sse4_2 x2apic movbe popcnt tsc_deadline_timer aes xsave avx f16c rdrand hypervisor lahf_lm abm cpuid_fault invpcid_single pti ibrs ibpb stibp fsgsbase tsc_adjust bmi1 avx2 smep bmi2 invpcid xsaveopt arat arch_capabilities
bugs		: cpu_meltdown spectre_v1 spectre_v2 spec_store_bypass l1tf mds swapgs itlb_multihit srbds mmio_unknown retbleed
bogomips	: 7199.99
clflush size	: 64
cache_alignment	: 64
address sizes	: 43 bits physical, 48 bits virtual
power management:

processor	: 2
vendor_id	: GenuineIntel
cpu family	: 6
model		: 60
model name	: Intel(R) Core(TM) i7-4790 CPU @ 3.60GHz
stepping	: 3
microcode	: 0x24
cpu MHz		: 3599.997
cache size	: 8192 KB
physical id	: 4
siblings	: 1
core id		: 0
cpu cores	: 1
apicid		: 4
initial apicid	: 4
fpu		: yes
fpu_exception	: yes
cpuid level	: 13
wp		: yes
flags		: fpu vme de pse tsc msr pae mce cx8 apic sep mtrr pge mca cmov pat pse36 clflush dts mmx fxsr sse sse2 ss syscall nx pdpe1gb rdtscp lm constant_tsc arch_perfmon pebs bts nopl xtopology tsc_reliable nonstop_tsc cpuid tsc_known_freq pni pclmulqdq ssse3 fma cx16 pcid sse4_1 sse4_2 x2apic movbe popcnt tsc_deadline_timer aes xsave avx f16c rdrand hypervisor lahf_lm abm cpuid_fault invpcid_single pti ibrs ibpb stibp fsgsbase tsc_adjust bmi1 avx2 smep bmi2 invpcid xsaveopt arat arch_capabilities
bugs		: cpu_meltdown spectre_v1 spectre_v2 spec_store_bypass l1tf mds swapgs itlb_multihit srbds mmio_unknown retbleed
bogomips	: 7199.99
clflush size	: 64
cache_alignment	: 64
address sizes	: 43 bits physical, 48 bits virtual
power management:

processor	: 3
vendor_id	: GenuineIntel
cpu family	: 6
model		: 60
model name	: Intel(R) Core(TM) i7-4790 CPU @ 3.60GHz
stepping	: 3
microcode	: 0x24
cpu MHz		: 3599.997
cache size	: 8192 KB
physical id	: 6
siblings	: 1
core id		: 0
cpu cores	: 1
apicid		: 6
initial apicid	: 6
fpu		: yes
fpu_exception	: yes
cpuid level	: 13
wp		: yes
flags		: fpu vme de pse tsc msr pae mce cx8 apic sep mtrr pge mca cmov pat pse36 clflush dts mmx fxsr sse sse2 ss syscall nx pdpe1gb rdtscp lm constant_tsc arch_perfmon pebs bts nopl xtopology tsc_reliable nonstop_tsc cpuid tsc_known_freq pni pclmulqdq ssse3 fma cx16 pcid sse4_1 sse4_2 x2apic movbe popcnt tsc_deadline_timer aes xsave avx f16c rdrand hypervisor lahf_lm abm cpuid_fault invpcid_single pti ibrs ibpb stibp fsgsbase tsc_adjust bmi1 avx2 smep bmi2 invpcid xsaveopt arat arch_capabilities
bugs		: cpu_meltdown spectre_v1 spectre_v2 spec_store_bypass l1tf mds swapgs itlb_multihit srbds mmio_unknown retbleed
bogomips	: 7199.99
clflush size	: 64
cache_alignment	: 64
address sizes	: 43 bits physical, 48 bits virtual
power management:

processor	: 4
vendor_id	: GenuineIntel
cpu family	: 6
model		: 60
model name	: Intel(R) Core(TM) i7-4790 CPU @ 3.60GHz
stepping	: 3
microcode	: 0x24
cpu MHz		: 3599.997
cache size	: 8192 KB
physical id	: 8
siblings	: 1
core id		: 0
cpu cores	: 1
apicid		: 8
initial apicid	: 8
fpu		: yes
fpu_exception	: yes
cpuid level	: 13
wp		: yes
flags		: fpu vme de pse tsc msr pae mce cx8 apic sep mtrr pge mca cmov pat pse36 clflush dts mmx fxsr sse sse2 ss syscall nx pdpe1gb rdtscp lm constant_tsc arch_perfmon pebs bts nopl xtopology tsc_reliable nonstop_tsc cpuid tsc_known_freq pni pclmulqdq ssse3 fma cx16 pcid sse4_1 sse4_2 x2apic movbe popcnt tsc_deadline_timer aes xsave avx f16c rdrand hypervisor lahf_lm abm cpuid_fault invpcid_single pti ibrs ibpb stibp fsgsbase tsc_adjust bmi1 avx2 smep bmi2 invpcid xsaveopt arat arch_capabilities
bugs		: cpu_meltdown spectre_v1 spectre_v2 spec_store_bypass l1tf mds swapgs itlb_multihit srbds mmio_unknown retbleed
bogomips	: 7199.99
clflush size	: 64
cache_alignment	: 64
address sizes	: 43 bits physical, 48 bits virtual
power management:

processor	: 5
vendor_id	: GenuineIntel
cpu family	: 6
model		: 60
model name	: Intel(R) Core(TM) i7-4790 CPU @ 3.60GHz
stepping	: 3
microcode	: 0x24
cpu MHz		: 3599.997
cache size	: 8192 KB
physical id	: 10
siblings	: 1
core id		: 0
cpu cores	: 1
apicid		: 10
initial apicid	: 10
fpu		: yes
fpu_exception	: yes
cpuid level	: 13
wp		: yes
flags		: fpu vme de pse tsc msr pae mce cx8 apic sep mtrr pge mca cmov pat pse36 clflush dts mmx fxsr sse sse2 ss syscall nx pdpe1gb rdtscp lm constant_tsc arch_perfmon pebs bts nopl xtopology tsc_reliable nonstop_tsc cpuid tsc_known_freq pni pclmulqdq ssse3 fma cx16 pcid sse4_1 sse4_2 x2apic movbe popcnt tsc_deadline_timer aes xsave avx f16c rdrand hypervisor lahf_lm abm cpuid_fault invpcid_single pti ibrs ibpb stibp fsgsbase tsc_adjust bmi1 avx2 smep bmi2 invpcid xsaveopt arat arch_capabilities
bugs		: cpu_meltdown spectre_v1 spectre_v2 spec_store_bypass l1tf mds swapgs itlb_multihit srbds mmio_unknown retbleed
bogomips	: 7199.99
clflush size	: 64
cache_alignment	: 64
address sizes	: 43 bits physical, 48 bits virtual
power management:

processor	: 6
vendor_id	: GenuineIntel
cpu family	: 6
model		: 60
model name	: Intel(R) Core(TM) i7-4790 CPU @ 3.60GHz
stepping	: 3
microcode	: 0x24
cpu MHz		: 3599.997
cache size	: 8192 KB
physical id	: 12
siblings	: 1
core id		: 0
cpu cores	: 1
apicid		: 12
initial apicid	: 12
fpu		: yes
fpu_exception	: yes
cpuid level	: 13
wp		: yes
flags		: fpu vme de pse tsc msr pae mce cx8 apic sep mtrr pge mca cmov pat pse36 clflush dts mmx fxsr sse sse2 ss syscall nx pdpe1gb rdtscp lm constant_tsc arch_perfmon pebs bts nopl xtopology tsc_reliable nonstop_tsc cpuid tsc_known_freq pni pclmulqdq ssse3 fma cx16 pcid sse4_1 sse4_2 x2apic movbe popcnt tsc_deadline_timer aes xsave avx f16c rdrand hypervisor lahf_lm abm cpuid_fault invpcid_single pti ibrs ibpb stibp fsgsbase tsc_adjust bmi1 avx2 smep bmi2 invpcid xsaveopt arat arch_capabilities
bugs		: cpu_meltdown spectre_v1 spectre_v2 spec_store_bypass l1tf mds swapgs itlb_multihit srbds mmio_unknown retbleed
bogomips	: 7199.99
clflush size	: 64
cache_alignment	: 64
address sizes	: 43 bits physical, 48 bits virtual
power management:

processor	: 7
vendor_id	: GenuineIntel
cpu family	: 6
model		: 60
model name	: Intel(R) Core(TM) i7-4790 CPU @ 3.60GHz
stepping	: 3
microcode	: 0x24
cpu MHz		: 3599.997
cache size	: 8192 KB
physical id	: 14
siblings	: 1
core id		: 0
cpu cores	: 1
apicid		: 14
initial apicid	: 14
fpu		: yes
fpu_exception	: yes
cpuid level	: 13
wp		: yes
flags		: fpu vme de pse tsc msr pae mce cx8 apic sep mtrr pge mca cmov pat pse36 clflush dts mmx fxsr sse sse2 ss syscall nx pdpe1gb rdtscp lm constant_tsc arch_perfmon pebs bts nopl xtopology tsc_reliable nonstop_tsc cpuid tsc_known_freq pni pclmulqdq ssse3 fma cx16 pcid sse4_1 sse4_2 x2apic movbe popcnt tsc_deadline_timer aes xsave avx f16c rdrand hypervisor lahf_lm abm cpuid_fault invpcid_single pti ibrs ibpb stibp fsgsbase tsc_adjust bmi1 avx2 smep bmi2 invpcid xsaveopt arat arch_capabilities
bugs		: cpu_meltdown spectre_v1 spectre_v2 spec_store_bypass l1tf mds swapgs itlb_multihit srbds mmio_unknown retbleed
bogomips	: 7199.99
clflush size	: 64
cache_alignment	: 64
address sizes	: 43 bits physical, 48 bits virtual
power management:



Memory: 4k page, physical 17379896k(181016k free), swap 8388604k(7015460k free)

vm_info: OpenJDK 64-Bit Server VM (25.342-b07) for linux-amd64 JRE (1.8.0_342-b07), built on Jul 16 2022 09:19:19 by "openjdk" with gcc 4.4.7 20120313 (Red Hat 4.4.7-23)

time: Fri Oct  6 16:40:34 2023
timezone: -05
elapsed time: 9218.611992 seconds (0d 2h 33m 38s)

